Information: Updating graph... (UID-83)
Information: Updating design information... (UID-85)
 
****************************************
Report : timing
        -path full
        -delay max
        -nets
        -max_paths 1
        -transition_time
Design : ppu
Version: T-2022.03-SP3
Date   : Wed Dec  7 21:31:41 2022
****************************************

 * Some/all delay information is back-annotated.

Operating Conditions: WORST   Library: saed90nm_max
	Parasitic source    : LPE
	Parasitic mode      : RealRC
	Extraction mode     : MIN_MAX
	Extraction derating : 125/125/125

Information: Percent of Arnoldi-based delays =  4.29%

  Startpoint: in2[0] (input port)
  Endpoint: out[30] (output port)
  Path Group: (none)
  Path Type: max

Attributes:
    d - dont_touch
    u - dont_use
   mo - map_only
   so - size_only
    i - ideal_net or ideal_network

  Point                                       Fanout     Trans      Incr       Path      Attributes
  ------------------------------------------------------------------------------------------------------
  input external delay                                              0.00       0.00 f
  in2[0] (in)                                             0.00      0.00 @     0.00 f
  in2[0] (net)                                  4                   0.00       0.00 f
  sub_52/B[0] (ppu_DW01_sub_1)                                      0.00       0.00 f
  sub_52/B[0] (net)                                                 0.00       0.00 f
  sub_52/U62/ZN (INVX0)                                   0.16      0.08 @     0.08 r
  sub_52/n61 (net)                              2                   0.00       0.08 r
  sub_52/U1/Q (AND2X1)                                    0.13      0.25 &     0.33 r
  sub_52/n1 (net)                               2                   0.00       0.33 r
  sub_52/U2/Q (AND2X1)                                    0.14      0.24 &     0.57 r
  sub_52/n2 (net)                               2                   0.00       0.57 r
  sub_52/U3/Q (AND2X1)                                    0.14      0.24 &     0.81 r
  sub_52/n3 (net)                               2                   0.00       0.81 r
  sub_52/U4/Q (AND2X1)                                    0.14      0.24 &     1.05 r
  sub_52/n4 (net)                               2                   0.00       1.05 r
  sub_52/U5/Q (AND2X1)                                    0.14      0.24 &     1.29 r
  sub_52/n5 (net)                               2                   0.00       1.29 r
  sub_52/U6/Q (AND2X1)                                    0.13      0.24 &     1.53 r
  sub_52/n6 (net)                               2                   0.00       1.53 r
  sub_52/U7/Q (AND2X1)                                    0.14      0.24 &     1.77 r
  sub_52/n7 (net)                               2                   0.00       1.77 r
  sub_52/U8/Q (AND2X1)                                    0.14      0.25 &     2.01 r
  sub_52/n8 (net)                               2                   0.00       2.01 r
  sub_52/U9/Q (AND2X1)                                    0.13      0.24 &     2.25 r
  sub_52/n9 (net)                               2                   0.00       2.25 r
  sub_52/U10/Q (AND2X1)                                   0.25      0.30 &     2.56 r
  sub_52/n10 (net)                              2                   0.00       2.56 r
  sub_52/U11/Q (AND2X1)                                   0.17      0.29 &     2.85 r
  sub_52/n11 (net)                              2                   0.00       2.85 r
  sub_52/U12/Q (AND2X1)                                   0.14      0.25 &     3.10 r
  sub_52/n12 (net)                              2                   0.00       3.10 r
  sub_52/U13/Q (AND2X1)                                   0.14      0.24 &     3.34 r
  sub_52/n13 (net)                              2                   0.00       3.34 r
  sub_52/U14/Q (AND2X1)                                   0.13      0.24 &     3.58 r
  sub_52/n14 (net)                              2                   0.00       3.58 r
  sub_52/U15/Q (AND2X1)                                   0.14      0.24 &     3.82 r
  sub_52/n15 (net)                              2                   0.00       3.82 r
  sub_52/U16/Q (AND2X1)                                   0.14      0.24 &     4.06 r
  sub_52/n16 (net)                              2                   0.00       4.06 r
  sub_52/U17/Q (AND2X1)                                   0.14      0.24 &     4.30 r
  sub_52/n17 (net)                              2                   0.00       4.30 r
  sub_52/U18/Q (AND2X1)                                   0.13      0.24 &     4.54 r
  sub_52/n18 (net)                              2                   0.00       4.54 r
  sub_52/U19/Q (AND2X1)                                   0.13      0.23 &     4.77 r
  sub_52/n19 (net)                              2                   0.00       4.77 r
  sub_52/U20/Q (AND2X1)                                   0.13      0.23 &     5.01 r
  sub_52/n20 (net)                              2                   0.00       5.01 r
  sub_52/U21/Q (AND2X1)                                   0.14      0.24 &     5.25 r
  sub_52/n21 (net)                              2                   0.00       5.25 r
  sub_52/U22/Q (AND2X1)                                   0.13      0.24 &     5.49 r
  sub_52/n22 (net)                              2                   0.00       5.49 r
  sub_52/U23/Q (AND2X1)                                   0.13      0.24 &     5.73 r
  sub_52/n23 (net)                              2                   0.00       5.73 r
  sub_52/U24/Q (AND2X1)                                   0.16      0.25 &     5.98 r
  sub_52/n24 (net)                              2                   0.00       5.98 r
  sub_52/U25/Q (AND2X1)                                   0.14      0.24 &     6.22 r
  sub_52/n25 (net)                              2                   0.00       6.22 r
  sub_52/U26/Q (AND2X1)                                   0.13      0.24 &     6.46 r
  sub_52/n26 (net)                              2                   0.00       6.46 r
  sub_52/U27/Q (AND2X1)                                   0.13      0.23 &     6.69 r
  sub_52/n27 (net)                              2                   0.00       6.69 r
  sub_52/U28/Q (AND2X1)                                   0.14      0.24 &     6.93 r
  sub_52/n28 (net)                              2                   0.00       6.93 r
  sub_52/U29/Q (AND2X1)                                   0.14      0.24 &     7.17 r
  sub_52/n29 (net)                              2                   0.00       7.17 r
  sub_52/U63/Q (XOR2X1)                                   0.12      0.30 &     7.47 f
  sub_52/DIFF[30] (net)                         1                   0.00       7.47 f
  sub_52/DIFF[30] (ppu_DW01_sub_1)                                  0.00       7.47 f
  N77 (net)                                                         0.00       7.47 f
  U638/Q (MUX21X1)                                        0.41      0.48 &     7.95 f
  xin2[30] (net)                                6                   0.00       7.95 f
  uut_de2/in[30] (data_extract_v1_N32_es2_1)                        0.00       7.95 f
  uut_de2/in[30] (net)                                              0.00       7.95 f
  uut_de2/U2/ZN (INVX2)                                   0.63      0.40 &     8.34 r
  uut_de2/n1 (net)                             32                   0.00       8.34 r
  uut_de2/U12/Q (XNOR2X1)                                 0.16      0.52 &     8.86 r
  uut_de2/xin_r[29] (net)                       2                   0.00       8.86 r
  uut_de2/xinst_k/in[30] (LOD_N_N32_1)                              0.00       8.86 r
  uut_de2/xinst_k/in[30] (net)                                      0.00       8.86 r
  uut_de2/xinst_k/l1/in[30] (LOD_N32_1)                             0.00       8.86 r
  uut_de2/xinst_k/l1/in[30] (net)                                   0.00       8.86 r
  uut_de2/xinst_k/l1/genblk1_h/in[14] (LOD_N16_1)                   0.00       8.86 r
  uut_de2/xinst_k/l1/genblk1_h/in[14] (net)                         0.00       8.86 r
  uut_de2/xinst_k/l1/genblk1_h/genblk1_h/in[6] (LOD_N8_1)           0.00       8.86 r
  uut_de2/xinst_k/l1/genblk1_h/genblk1_h/in[6] (net)                0.00       8.86 r
  uut_de2/xinst_k/l1/genblk1_h/genblk1_h/genblk1_h/in[2] (LOD_N4_1)     0.00     8.86 r
  uut_de2/xinst_k/l1/genblk1_h/genblk1_h/genblk1_h/in[2] (net)      0.00       8.86 r
  uut_de2/xinst_k/l1/genblk1_h/genblk1_h/genblk1_h/genblk1_h/in[0] (LOD_N2_1)     0.00     8.86 r
  uut_de2/xinst_k/l1/genblk1_h/genblk1_h/genblk1_h/genblk1_h/in[0] (net)     0.00     8.86 r
  uut_de2/xinst_k/l1/genblk1_h/genblk1_h/genblk1_h/genblk1_h/U1/Q (OR2X1)     0.16     0.24 &     9.11 r
  uut_de2/xinst_k/l1/genblk1_h/genblk1_h/genblk1_h/genblk1_h/vld (net)     3     0.00     9.11 r
  uut_de2/xinst_k/l1/genblk1_h/genblk1_h/genblk1_h/genblk1_h/vld (LOD_N2_1)     0.00     9.11 r
  uut_de2/xinst_k/l1/genblk1_h/genblk1_h/genblk1_h/genblk1_out_vh (net)     0.00     9.11 r
  uut_de2/xinst_k/l1/genblk1_h/genblk1_h/genblk1_h/U2/Q (OR2X1)     0.19     0.26 &     9.37 r
  uut_de2/xinst_k/l1/genblk1_h/genblk1_h/genblk1_h/vld (net)     4     0.00     9.37 r
  uut_de2/xinst_k/l1/genblk1_h/genblk1_h/genblk1_h/vld (LOD_N4_1)     0.00     9.37 r
  uut_de2/xinst_k/l1/genblk1_h/genblk1_h/genblk1_out_vh (net)       0.00       9.37 r
  uut_de2/xinst_k/l1/genblk1_h/genblk1_h/U2/Q (OR2X1)     0.24      0.30 &     9.66 r
  uut_de2/xinst_k/l1/genblk1_h/genblk1_h/vld (net)     5            0.00       9.66 r
  uut_de2/xinst_k/l1/genblk1_h/genblk1_h/vld (LOD_N8_1)             0.00       9.66 r
  uut_de2/xinst_k/l1/genblk1_h/genblk1_out_vh (net)                 0.00       9.66 r
  uut_de2/xinst_k/l1/genblk1_h/U2/Q (OR2X1)               0.29      0.34 &    10.01 r
  uut_de2/xinst_k/l1/genblk1_h/vld (net)        6                   0.00      10.01 r
  uut_de2/xinst_k/l1/genblk1_h/vld (LOD_N16_1)                      0.00      10.01 r
  uut_de2/xinst_k/l1/genblk1_out_vh (net)                           0.00      10.01 r
  uut_de2/xinst_k/l1/U7/Q (MUX21X1)                       0.30      0.42 &    10.42 f
  uut_de2/xinst_k/l1/out[1] (net)               5                   0.00      10.42 f
  uut_de2/xinst_k/l1/out[1] (LOD_N32_1)                             0.00      10.42 f
  uut_de2/xinst_k/out[1] (net)                                      0.00      10.42 f
  uut_de2/xinst_k/out[1] (LOD_N_N32_1)                              0.00      10.42 f
  uut_de2/k[1] (net)                                                0.00      10.42 f
  uut_de2/ls/b[1] (DSR_left_N_S_N32_S5_1)                           0.00      10.42 f
  uut_de2/ls/b[1] (net)                                             0.00      10.42 f
  uut_de2/ls/U140/ZN (INVX0)                              0.33      0.22 &    10.65 r
  uut_de2/ls/n113 (net)                         2                   0.00      10.65 r
  uut_de2/ls/U2/QN (NOR2X2)                               0.54      0.40 &    11.05 f
  uut_de2/ls/n26 (net)                         29                   0.00      11.05 f
  uut_de2/ls/U100/Q (AO22X1)                              0.14      0.39 &    11.44 f
  uut_de2/ls/n98 (net)                          1                   0.00      11.44 f
  uut_de2/ls/U99/Q (AO221X1)                              0.26      0.33 &    11.77 f
  uut_de2/ls/n52 (net)                          4                   0.00      11.77 f
  uut_de2/ls/U98/Q (AO22X1)                               0.13      0.36 &    12.13 f
  uut_de2/ls/n97 (net)                          1                   0.00      12.13 f
  uut_de2/ls/U97/Q (AO221X1)                              0.20      0.29 &    12.42 f
  uut_de2/ls/n28 (net)                          2                   0.00      12.42 f
  uut_de2/ls/U17/Q (AO221X1)                              0.21      0.45 &    12.87 f
  uut_de2/ls/c[30] (net)                        2                   0.00      12.87 f
  uut_de2/ls/c[30] (DSR_left_N_S_N32_S5_1)                          0.00      12.87 f
  uut_de2/exp[0] (net)                                              0.00      12.87 f
  uut_de2/exp[0] (data_extract_v1_N32_es2_1)                        0.00      12.87 f
  e2[0] (net)                                                       0.00      12.87 f
  U514/Q (MUX21X1)                                        0.24      0.39 &    13.26 f
  le[0] (net)                                   4                   0.00      13.26 f
  uut_ediff/a[0] (sub_N_N8_0)                                       0.00      13.26 f
  uut_ediff/a[0] (net)                                              0.00      13.26 f
  uut_ediff/s1/a[0] (sub_N_in_N8_0)                                 0.00      13.26 f
  uut_ediff/s1/a[0] (net)                                           0.00      13.26 f
  uut_ediff/s1/sub_221/A[0] (sub_N_in_N8_0_DW01_sub_0_DW01_sub_5)     0.00    13.26 f
  uut_ediff/s1/sub_221/A[0] (net)                                   0.00      13.26 f
  uut_ediff/s1/sub_221/U5/ZN (INVX0)                      0.16      0.12 &    13.38 r
  uut_ediff/s1/sub_221/n1 (net)                 1                   0.00      13.38 r
  uut_ediff/s1/sub_221/U3/QN (NAND2X1)                    0.18      0.15 &    13.53 f
  uut_ediff/s1/sub_221/carry[1] (net)           1                   0.00      13.53 f
  uut_ediff/s1/sub_221/U2_1/CO (FADDX1)                   0.17      0.38 &    13.91 f    mo 
  uut_ediff/s1/sub_221/carry[2] (net)           1                   0.00      13.91 f
  uut_ediff/s1/sub_221/U2_2/CO (FADDX1)                   0.18      0.39 &    14.30 f    mo 
  uut_ediff/s1/sub_221/carry[3] (net)           1                   0.00      14.30 f
  uut_ediff/s1/sub_221/U2_3/CO (FADDX1)                   0.17      0.38 &    14.68 f    mo 
  uut_ediff/s1/sub_221/carry[4] (net)           1                   0.00      14.68 f
  uut_ediff/s1/sub_221/U2_4/CO (FADDX1)                   0.20      0.41 &    15.09 f    mo 
  uut_ediff/s1/sub_221/carry[5] (net)           1                   0.00      15.09 f
  uut_ediff/s1/sub_221/U2_5/CO (FADDX1)                   0.17      0.39 &    15.48 f    mo 
  uut_ediff/s1/sub_221/carry[6] (net)           1                   0.00      15.48 f
  uut_ediff/s1/sub_221/U2_6/CO (FADDX1)                   0.16      0.38 &    15.85 f    mo 
  uut_ediff/s1/sub_221/carry[7] (net)           1                   0.00      15.85 f
  uut_ediff/s1/sub_221/U2_7/S (FADDX1)                    0.15      0.41 &    16.26 f    mo 
  uut_ediff/s1/sub_221/DIFF[7] (net)            1                   0.00      16.26 f
  uut_ediff/s1/sub_221/DIFF[7] (sub_N_in_N8_0_DW01_sub_0_DW01_sub_5)     0.00    16.26 f
  uut_ediff/s1/c[7] (net)                                           0.00      16.26 f
  uut_ediff/s1/c[7] (sub_N_in_N8_0)                                 0.00      16.26 f
  uut_ediff/c[7] (net)                                              0.00      16.26 f
  uut_ediff/c[7] (sub_N_N8_0)                                       0.00      16.26 f
  diff[7] (net)                                                     0.00      16.26 f
  U645/Q (OR3X1)                                          0.21      0.34 &    16.61 f
  n189 (net)                                    5                   0.00      16.61 f
  U643/Q (OR2X1)                                          0.18      0.30 &    16.91 f
  exp_diff[1] (net)                             3                   0.00      16.91 f
  dsr1/b[1] (DSR_right_N_S_N32_S5)                                  0.00      16.91 f
  dsr1/b[1] (net)                                                   0.00      16.91 f
  dsr1/U7/QN (NOR2X2)                                     0.90      0.49 &    17.40 r
  dsr1/n47 (net)                               32                   0.00      17.40 r
  dsr1/U80/Q (AO22X1)                                     0.16      0.53 &    17.92 r
  dsr1/n83 (net)                                1                   0.00      17.92 r
  dsr1/U79/Q (AO221X1)                                    0.31      0.32 &    18.24 r
  dsr1/n7 (net)                                 5                   0.00      18.24 r
  dsr1/U68/Q (AO22X1)                                     0.16      0.37 &    18.61 r
  dsr1/n77 (net)                                1                   0.00      18.61 r
  dsr1/U67/Q (AO221X1)                                    0.25      0.29 &    18.90 r
  dsr1/n69 (net)                                2                   0.00      18.90 r
  dsr1/U53/Q (AO221X1)                                    0.33      0.52 &    19.42 r
  dsr1/c[1] (net)                               2                   0.00      19.42 r
  dsr1/c[1] (DSR_right_N_S_N32_S5)                                  0.00      19.42 r
  DSR_right_out[1] (net)                                            0.00      19.42 r
  uut_add_sub_N/b[1] (add_sub_N_N32)                                0.00      19.42 r
  uut_add_sub_N/b[1] (net)                                          0.00      19.42 r
  uut_add_sub_N/s11/b[1] (sub_N_N32)                                0.00      19.42 r
  uut_add_sub_N/s11/b[1] (net)                                      0.00      19.42 r
  uut_add_sub_N/s11/s1/b[1] (sub_N_in_N32)                          0.00      19.42 r
  uut_add_sub_N/s11/s1/b[1] (net)                                   0.00      19.42 r
  uut_add_sub_N/s11/s1/sub_221/B[1] (sub_N_in_N32_DW01_sub_0_DW01_sub_4)     0.00    19.42 r
  uut_add_sub_N/s11/s1/sub_221/B[1] (net)                           0.00      19.42 r
  uut_add_sub_N/s11/s1/sub_221/U33/ZN (INVX0)             0.23      0.23 &    19.65 f
  uut_add_sub_N/s11/s1/sub_221/n26 (net)        1                   0.00      19.65 f
  uut_add_sub_N/s11/s1/sub_221/U2_1/CO (FADDX1)           0.16      0.41 &    20.06 f    mo 
  uut_add_sub_N/s11/s1/sub_221/carry[2] (net)     1                 0.00      20.06 f
  uut_add_sub_N/s11/s1/sub_221/U2_2/CO (FADDX1)           0.16      0.37 &    20.43 f    mo 
  uut_add_sub_N/s11/s1/sub_221/carry[3] (net)     1                 0.00      20.43 f
  uut_add_sub_N/s11/s1/sub_221/U2_3/CO (FADDX1)           0.17      0.38 &    20.81 f    mo 
  uut_add_sub_N/s11/s1/sub_221/carry[4] (net)     1                 0.00      20.81 f
  uut_add_sub_N/s11/s1/sub_221/U2_4/CO (FADDX1)           0.18      0.39 &    21.20 f    mo 
  uut_add_sub_N/s11/s1/sub_221/carry[5] (net)     1                 0.00      21.20 f
  uut_add_sub_N/s11/s1/sub_221/U2_5/CO (FADDX1)           0.17      0.38 &    21.59 f    mo 
  uut_add_sub_N/s11/s1/sub_221/carry[6] (net)     1                 0.00      21.59 f
  uut_add_sub_N/s11/s1/sub_221/U2_6/CO (FADDX1)           0.17      0.38 &    21.97 f    mo 
  uut_add_sub_N/s11/s1/sub_221/carry[7] (net)     1                 0.00      21.97 f
  uut_add_sub_N/s11/s1/sub_221/U2_7/CO (FADDX1)           0.16      0.37 &    22.34 f    mo 
  uut_add_sub_N/s11/s1/sub_221/carry[8] (net)     1                 0.00      22.34 f
  uut_add_sub_N/s11/s1/sub_221/U2_8/CO (FADDX1)           0.18      0.39 &    22.73 f    mo 
  uut_add_sub_N/s11/s1/sub_221/carry[9] (net)     1                 0.00      22.73 f
  uut_add_sub_N/s11/s1/sub_221/U2_9/CO (FADDX1)           0.17      0.39 &    23.12 f    mo 
  uut_add_sub_N/s11/s1/sub_221/carry[10] (net)     1                0.00      23.12 f
  uut_add_sub_N/s11/s1/sub_221/U2_10/CO (FADDX1)          0.17      0.38 &    23.50 f    mo 
  uut_add_sub_N/s11/s1/sub_221/carry[11] (net)     1                0.00      23.50 f
  uut_add_sub_N/s11/s1/sub_221/U2_11/CO (FADDX1)          0.17      0.38 &    23.88 f    mo 
  uut_add_sub_N/s11/s1/sub_221/carry[12] (net)     1                0.00      23.88 f
  uut_add_sub_N/s11/s1/sub_221/U2_12/CO (FADDX1)          0.17      0.38 &    24.26 f    mo 
  uut_add_sub_N/s11/s1/sub_221/carry[13] (net)     1                0.00      24.26 f
  uut_add_sub_N/s11/s1/sub_221/U2_13/CO (FADDX1)          0.17      0.38 &    24.63 f    mo 
  uut_add_sub_N/s11/s1/sub_221/carry[14] (net)     1                0.00      24.63 f
  uut_add_sub_N/s11/s1/sub_221/U2_14/CO (FADDX1)          0.17      0.38 &    25.01 f    mo 
  uut_add_sub_N/s11/s1/sub_221/carry[15] (net)     1                0.00      25.01 f
  uut_add_sub_N/s11/s1/sub_221/U2_15/CO (FADDX1)          0.17      0.38 &    25.39 f    mo 
  uut_add_sub_N/s11/s1/sub_221/carry[16] (net)     1                0.00      25.39 f
  uut_add_sub_N/s11/s1/sub_221/U2_16/CO (FADDX1)          0.16      0.37 &    25.76 f    mo 
  uut_add_sub_N/s11/s1/sub_221/carry[17] (net)     1                0.00      25.76 f
  uut_add_sub_N/s11/s1/sub_221/U2_17/CO (FADDX1)          0.17      0.38 &    26.14 f    mo 
  uut_add_sub_N/s11/s1/sub_221/carry[18] (net)     1                0.00      26.14 f
  uut_add_sub_N/s11/s1/sub_221/U2_18/CO (FADDX1)          0.17      0.38 &    26.52 f    mo 
  uut_add_sub_N/s11/s1/sub_221/carry[19] (net)     1                0.00      26.52 f
  uut_add_sub_N/s11/s1/sub_221/U2_19/CO (FADDX1)          0.17      0.38 &    26.90 f    mo 
  uut_add_sub_N/s11/s1/sub_221/carry[20] (net)     1                0.00      26.90 f
  uut_add_sub_N/s11/s1/sub_221/U2_20/CO (FADDX1)          0.17      0.38 &    27.27 f    mo 
  uut_add_sub_N/s11/s1/sub_221/carry[21] (net)     1                0.00      27.27 f
  uut_add_sub_N/s11/s1/sub_221/U2_21/CO (FADDX1)          0.17      0.38 &    27.65 f    mo 
  uut_add_sub_N/s11/s1/sub_221/carry[22] (net)     1                0.00      27.65 f
  uut_add_sub_N/s11/s1/sub_221/U2_22/CO (FADDX1)          0.18      0.39 &    28.04 f    mo 
  uut_add_sub_N/s11/s1/sub_221/carry[23] (net)     1                0.00      28.04 f
  uut_add_sub_N/s11/s1/sub_221/U2_23/CO (FADDX1)          0.17      0.39 &    28.42 f    mo 
  uut_add_sub_N/s11/s1/sub_221/carry[24] (net)     1                0.00      28.42 f
  uut_add_sub_N/s11/s1/sub_221/U2_24/CO (FADDX1)          0.18      0.39 &    28.81 f    mo 
  uut_add_sub_N/s11/s1/sub_221/carry[25] (net)     1                0.00      28.81 f
  uut_add_sub_N/s11/s1/sub_221/U2_25/CO (FADDX1)          0.18      0.39 &    29.20 f    mo 
  uut_add_sub_N/s11/s1/sub_221/carry[26] (net)     1                0.00      29.20 f
  uut_add_sub_N/s11/s1/sub_221/U2_26/CO (FADDX1)          0.18      0.39 &    29.59 f    mo 
  uut_add_sub_N/s11/s1/sub_221/carry[27] (net)     1                0.00      29.59 f
  uut_add_sub_N/s11/s1/sub_221/U2_27/CO (FADDX1)          0.17      0.38 &    29.98 f    mo 
  uut_add_sub_N/s11/s1/sub_221/carry[28] (net)     1                0.00      29.98 f
  uut_add_sub_N/s11/s1/sub_221/U2_28/CO (FADDX1)          0.17      0.38 &    30.36 f    mo 
  uut_add_sub_N/s11/s1/sub_221/carry[29] (net)     1                0.00      30.36 f
  uut_add_sub_N/s11/s1/sub_221/U2_29/CO (FADDX1)          0.18      0.39 &    30.75 f    mo 
  uut_add_sub_N/s11/s1/sub_221/carry[30] (net)     1                0.00      30.75 f
  uut_add_sub_N/s11/s1/sub_221/U2_30/CO (FADDX1)          0.17      0.38 &    31.13 f    mo 
  uut_add_sub_N/s11/s1/sub_221/carry[31] (net)     1                0.00      31.13 f
  uut_add_sub_N/s11/s1/sub_221/U2_31/CO (FADDX1)          0.17      0.38 &    31.51 f    mo 
  uut_add_sub_N/s11/s1/sub_221/carry[32] (net)     1                0.00      31.51 f
  uut_add_sub_N/s11/s1/sub_221/U2_32/Q (XOR3X1)           0.15      0.26 &    31.77 r    mo 
  uut_add_sub_N/s11/s1/sub_221/DIFF[32] (net)     1                 0.00      31.77 r
  uut_add_sub_N/s11/s1/sub_221/DIFF[32] (sub_N_in_N32_DW01_sub_0_DW01_sub_4)     0.00    31.77 r
  uut_add_sub_N/s11/s1/c[32] (net)                                  0.00      31.77 r
  uut_add_sub_N/s11/s1/c[32] (sub_N_in_N32)                         0.00      31.77 r
  uut_add_sub_N/s11/c[32] (net)                                     0.00      31.77 r
  uut_add_sub_N/s11/c[32] (sub_N_N32)                               0.00      31.77 r
  uut_add_sub_N/c_sub[32] (net)                                     0.00      31.77 r
  uut_add_sub_N/U8/Q (MUX21X1)                            0.33      0.39 &    32.16 r
  uut_add_sub_N/c[32] (net)                     5                   0.00      32.16 r
  uut_add_sub_N/c[32] (add_sub_N_N32)                               0.00      32.16 r
  add_m[32] (net)                                                   0.00      32.16 r
  U646/Q (OR2X1)                                          0.14      0.30 &    32.46 r
  LOD_in_31_ (net)                              2                   0.00      32.46 r
  l2/in[31] (LOD_N_N32_0)                                           0.00      32.46 r
  l2/in[31] (net)                                                   0.00      32.46 r
  l2/l1/in[31] (LOD_N32_0)                                          0.00      32.46 r
  l2/l1/in[31] (net)                                                0.00      32.46 r
  l2/l1/genblk1_h/in[15] (LOD_N16_5)                                0.00      32.46 r
  l2/l1/genblk1_h/in[15] (net)                                      0.00      32.46 r
  l2/l1/genblk1_h/genblk1_h/in[7] (LOD_N8_9)                        0.00      32.46 r
  l2/l1/genblk1_h/genblk1_h/in[7] (net)                             0.00      32.46 r
  l2/l1/genblk1_h/genblk1_h/genblk1_h/in[3] (LOD_N4_17)             0.00      32.46 r
  l2/l1/genblk1_h/genblk1_h/genblk1_h/in[3] (net)                   0.00      32.46 r
  l2/l1/genblk1_h/genblk1_h/genblk1_h/genblk1_h/in[1] (LOD_N2_33)     0.00    32.46 r
  l2/l1/genblk1_h/genblk1_h/genblk1_h/genblk1_h/in[1] (net)         0.00      32.46 r
  l2/l1/genblk1_h/genblk1_h/genblk1_h/genblk1_h/U1/Q (OR2X1)     0.17     0.21 &    32.67 r
  l2/l1/genblk1_h/genblk1_h/genblk1_h/genblk1_h/vld (net)     3     0.00      32.67 r
  l2/l1/genblk1_h/genblk1_h/genblk1_h/genblk1_h/vld (LOD_N2_33)     0.00      32.67 r
  l2/l1/genblk1_h/genblk1_h/genblk1_h/genblk1_out_vh (net)          0.00      32.67 r
  l2/l1/genblk1_h/genblk1_h/genblk1_h/U2/Q (OR2X1)        0.19      0.27 &    32.94 r
  l2/l1/genblk1_h/genblk1_h/genblk1_h/vld (net)     4               0.00      32.94 r
  l2/l1/genblk1_h/genblk1_h/genblk1_h/vld (LOD_N4_17)               0.00      32.94 r
  l2/l1/genblk1_h/genblk1_h/genblk1_out_vh (net)                    0.00      32.94 r
  l2/l1/genblk1_h/genblk1_h/U2/Q (OR2X1)                  0.23      0.30 &    33.23 r
  l2/l1/genblk1_h/genblk1_h/vld (net)           5                   0.00      33.23 r
  l2/l1/genblk1_h/genblk1_h/vld (LOD_N8_9)                          0.00      33.23 r
  l2/l1/genblk1_h/genblk1_out_vh (net)                              0.00      33.23 r
  l2/l1/genblk1_h/U2/Q (OR2X2)                            0.18      0.31 &    33.54 r
  l2/l1/genblk1_h/vld (net)                     6                   0.00      33.54 r
  l2/l1/genblk1_h/vld (LOD_N16_5)                                   0.00      33.54 r
  l2/l1/genblk1_out_vh (net)                                        0.00      33.54 r
  l2/l1/U7/Q (MUX21X1)                                    0.29      0.38 &    33.93 r
  l2/l1/out[1] (net)                            4                   0.00      33.93 r
  l2/l1/out[1] (LOD_N32_0)                                          0.00      33.93 r
  l2/out[1] (net)                                                   0.00      33.93 r
  l2/out[1] (LOD_N_N32_0)                                           0.00      33.93 r
  left_shift[1] (net)                                               0.00      33.93 r
  sub3/b[1] (sub_N_N8_1)                                            0.00      33.93 r
  sub3/b[1] (net)                                                   0.00      33.93 r
  sub3/s1/b[1] (sub_N_in_N8_1)                                      0.00      33.93 r
  sub3/s1/b[1] (net)                                                0.00      33.93 r
  sub3/s1/sub_221/B[1] (sub_N_in_N8_1_DW01_sub_0_DW01_sub_3)        0.00      33.93 r
  sub3/s1/sub_221/B[1] (net)                                        0.00      33.93 r
  sub3/s1/sub_221/U4/ZN (INVX0)                           0.27      0.25 &    34.18 f
  sub3/s1/sub_221/n2 (net)                      1                   0.00      34.18 f
  sub3/s1/sub_221/U2_1/CO (FADDX1)                        0.17      0.42 &    34.60 f    mo 
  sub3/s1/sub_221/carry[2] (net)                1                   0.00      34.60 f
  sub3/s1/sub_221/U2_2/CO (FADDX1)                        0.17      0.38 &    34.97 f    mo 
  sub3/s1/sub_221/carry[3] (net)                1                   0.00      34.97 f
  sub3/s1/sub_221/U2_3/CO (FADDX1)                        0.17      0.38 &    35.36 f    mo 
  sub3/s1/sub_221/carry[4] (net)                1                   0.00      35.36 f
  sub3/s1/sub_221/U2_4/CO (FADDX1)                        0.21      0.41 &    35.77 f    mo 
  sub3/s1/sub_221/carry[5] (net)                1                   0.00      35.77 f
  sub3/s1/sub_221/U2_5/CO (FADDX1)                        0.17      0.39 &    36.16 f    mo 
  sub3/s1/sub_221/carry[6] (net)                1                   0.00      36.16 f
  sub3/s1/sub_221/U2_6/S (FADDX1)                         0.18      0.43 &    36.60 f    mo 
  sub3/s1/sub_221/DIFF[6] (net)                 2                   0.00      36.60 f
  sub3/s1/sub_221/DIFF[6] (sub_N_in_N8_1_DW01_sub_0_DW01_sub_3)     0.00      36.60 f
  sub3/s1/c[6] (net)                                                0.00      36.60 f
  sub3/s1/c[6] (sub_N_in_N8_1)                                      0.00      36.60 f
  sub3/c[6] (net)                                                   0.00      36.60 f
  sub3/c[6] (sub_N_N8_1)                                            0.00      36.60 f
  le_o_tmp[6] (net)                                                 0.00      36.60 f
  uut_add_mantovf/a[6] (add_1_N8)                                   0.00      36.60 f
  uut_add_mantovf/a[6] (net)                                        0.00      36.60 f
  uut_add_mantovf/U3/ZN (INVX0)                           0.13      0.10 &    36.70 r
  uut_add_mantovf/n3 (net)                      1                   0.00      36.70 r
  uut_add_mantovf/U2/QN (NOR2X0)                          0.16      0.14 &    36.83 f
  uut_add_mantovf/n1 (net)                      1                   0.00      36.83 f
  uut_add_mantovf/U1/Q (XOR2X1)                           0.24      0.39 &    37.22 f
  uut_add_mantovf/c[7] (net)                    6                   0.00      37.22 f
  uut_add_mantovf/c[7] (add_1_N8)                                   0.00      37.22 f
  le_o[7] (net)                                                     0.00      37.22 f
  uut_reg_ro/exp_o[7] (reg_exp_op_es2_Bs5)                          0.00      37.22 f
  uut_reg_ro/exp_o[7] (net)                                         0.00      37.22 f
  uut_reg_ro/U18/ZN (INVX0)                               0.60      0.35 &    37.57 r
  uut_reg_ro/n12 (net)                          7                   0.00      37.57 r
  uut_reg_ro/U16/Q (OR3X1)                                0.19      0.47 &    38.04 r
  uut_reg_ro/n9 (net)                           3                   0.00      38.04 r
  uut_reg_ro/U14/Q (AND2X1)                               0.14      0.26 &    38.29 r
  uut_reg_ro/n11 (net)                          2                   0.00      38.29 r
  uut_reg_ro/U12/Q (XOR2X1)                               0.17      0.31 &    38.60 f
  uut_reg_ro/r_o[1] (net)                       3                   0.00      38.60 f
  uut_reg_ro/r_o[1] (reg_exp_op_es2_Bs5)                            0.00      38.60 f
  r_o[1] (net)                                                      0.00      38.60 f
  dsr2/b[1] (DSR_right_N_S_N99_S5)                                  0.00      38.60 f
  dsr2/b[1] (net)                                                   0.00      38.60 f
  dsr2/U510/ZN (INVX0)                                    0.19      0.13 &    38.73 r
  dsr2/n411 (net)                               2                   0.00      38.73 r
  dsr2/U6/Q (OR2X1)                                       0.34      0.32 &    39.05 r
  dsr2/n5 (net)                                 4                   0.00      39.05 r
  dsr2/U33/ZN (INVX2)                                     0.34      0.30 &    39.35 f
  dsr2/n32 (net)                               25                   0.00      39.35 f
  dsr2/U477/Q (AO221X1)                                   0.24      0.56 &    39.91 f
  dsr2/n329 (net)                               4                   0.00      39.91 f
  dsr2/U348/Q (AO22X1)                                    0.12      0.36 &    40.27 f
  dsr2/n328 (net)                               1                   0.00      40.27 f
  dsr2/U347/Q (AO221X1)                                   0.22      0.31 &    40.58 f
  dsr2/n109 (net)                               2                   0.00      40.58 f
  dsr2/U90/Q (AO222X1)                                    0.16      0.48 &    41.06 f
  dsr2/n108 (net)                               1                   0.00      41.06 f
  dsr2/U89/Q (AO221X1)                                    0.11      0.26 &    41.32 f
  dsr2/c[6] (net)                               1                   0.00      41.32 f
  dsr2/c[6] (DSR_right_N_S_N99_S5)                                  0.00      41.32 f
  tmp1_o[6] (net)                                                   0.00      41.32 f
  U377/Q (OR2X1)                                          0.09      0.20 &    41.52 f
  n98 (net)                                     1                   0.00      41.52 f
  U376/QN (NOR4X0)                                        0.65      0.28 &    41.80 r
  n97 (net)                                     1                   0.00      41.80 r
  U375/QN (NAND4X0)                                       0.38      0.37 &    42.17 f
  n86 (net)                                     1                   0.00      42.17 f
  U367/Q (OA21X1)                                         0.17      0.39 &    42.56 f
  rnd_ulp_0_ (net)                              2                   0.00      42.56 f
  uut_add_ulp/b[0] (add_N_N32_0)                                    0.00      42.56 f
  uut_add_ulp/b[0] (net)                                            0.00      42.56 f
  uut_add_ulp/a1/b[0] (add_N_in_N32_0)                              0.00      42.56 f
  uut_add_ulp/a1/b[0] (net)                                         0.00      42.56 f
  uut_add_ulp/a1/add_230/B[0] (add_N_in_N32_0_DW01_add_0)           0.00      42.56 f
  uut_add_ulp/a1/add_230/B[0] (net)                                 0.00      42.56 f
  uut_add_ulp/a1/add_230/U1/Q (AND2X1)                    0.13      0.25 &    42.80 f
  uut_add_ulp/a1/add_230/n1 (net)               1                   0.00      42.80 f
  uut_add_ulp/a1/add_230/U1_1/CO (FADDX1)                 0.17      0.37 &    43.17 f    mo 
  uut_add_ulp/a1/add_230/carry[2] (net)         1                   0.00      43.17 f
  uut_add_ulp/a1/add_230/U1_2/CO (FADDX1)                 0.17      0.38 &    43.55 f    mo 
  uut_add_ulp/a1/add_230/carry[3] (net)         1                   0.00      43.55 f
  uut_add_ulp/a1/add_230/U1_3/CO (FADDX1)                 0.17      0.38 &    43.93 f    mo 
  uut_add_ulp/a1/add_230/carry[4] (net)         1                   0.00      43.93 f
  uut_add_ulp/a1/add_230/U1_4/CO (FADDX1)                 0.16      0.37 &    44.31 f    mo 
  uut_add_ulp/a1/add_230/carry[5] (net)         1                   0.00      44.31 f
  uut_add_ulp/a1/add_230/U1_5/CO (FADDX1)                 0.17      0.38 &    44.69 f    mo 
  uut_add_ulp/a1/add_230/carry[6] (net)         1                   0.00      44.69 f
  uut_add_ulp/a1/add_230/U1_6/CO (FADDX1)                 0.17      0.38 &    45.07 f    mo 
  uut_add_ulp/a1/add_230/carry[7] (net)         1                   0.00      45.07 f
  uut_add_ulp/a1/add_230/U1_7/CO (FADDX1)                 0.17      0.38 &    45.45 f    mo 
  uut_add_ulp/a1/add_230/carry[8] (net)         1                   0.00      45.45 f
  uut_add_ulp/a1/add_230/U1_8/CO (FADDX1)                 0.18      0.39 &    45.84 f    mo 
  uut_add_ulp/a1/add_230/carry[9] (net)         1                   0.00      45.84 f
  uut_add_ulp/a1/add_230/U1_9/CO (FADDX1)                 0.17      0.39 &    46.22 f    mo 
  uut_add_ulp/a1/add_230/carry[10] (net)        1                   0.00      46.22 f
  uut_add_ulp/a1/add_230/U1_10/CO (FADDX1)                0.16      0.38 &    46.60 f    mo 
  uut_add_ulp/a1/add_230/carry[11] (net)        1                   0.00      46.60 f
  uut_add_ulp/a1/add_230/U1_11/CO (FADDX1)                0.16      0.37 &    46.97 f    mo 
  uut_add_ulp/a1/add_230/carry[12] (net)        1                   0.00      46.97 f
  uut_add_ulp/a1/add_230/U1_12/CO (FADDX1)                0.17      0.38 &    47.35 f    mo 
  uut_add_ulp/a1/add_230/carry[13] (net)        1                   0.00      47.35 f
  uut_add_ulp/a1/add_230/U1_13/CO (FADDX1)                0.17      0.38 &    47.73 f    mo 
  uut_add_ulp/a1/add_230/carry[14] (net)        1                   0.00      47.73 f
  uut_add_ulp/a1/add_230/U1_14/CO (FADDX1)                0.17      0.38 &    48.11 f    mo 
  uut_add_ulp/a1/add_230/carry[15] (net)        1                   0.00      48.11 f
  uut_add_ulp/a1/add_230/U1_15/CO (FADDX1)                0.17      0.38 &    48.50 f    mo 
  uut_add_ulp/a1/add_230/carry[16] (net)        1                   0.00      48.50 f
  uut_add_ulp/a1/add_230/U1_16/CO (FADDX1)                0.17      0.38 &    48.88 f    mo 
  uut_add_ulp/a1/add_230/carry[17] (net)        1                   0.00      48.88 f
  uut_add_ulp/a1/add_230/U1_17/CO (FADDX1)                0.16      0.38 &    49.25 f    mo 
  uut_add_ulp/a1/add_230/carry[18] (net)        1                   0.00      49.25 f
  uut_add_ulp/a1/add_230/U1_18/CO (FADDX1)                0.16      0.37 &    49.63 f    mo 
  uut_add_ulp/a1/add_230/carry[19] (net)        1                   0.00      49.63 f
  uut_add_ulp/a1/add_230/U1_19/CO (FADDX1)                0.17      0.38 &    50.01 f    mo 
  uut_add_ulp/a1/add_230/carry[20] (net)        1                   0.00      50.01 f
  uut_add_ulp/a1/add_230/U1_20/CO (FADDX1)                0.16      0.37 &    50.38 f    mo 
  uut_add_ulp/a1/add_230/carry[21] (net)        1                   0.00      50.38 f
  uut_add_ulp/a1/add_230/U1_21/CO (FADDX1)                0.17      0.38 &    50.76 f    mo 
  uut_add_ulp/a1/add_230/carry[22] (net)        1                   0.00      50.76 f
  uut_add_ulp/a1/add_230/U1_22/CO (FADDX1)                0.16      0.38 &    51.13 f    mo 
  uut_add_ulp/a1/add_230/carry[23] (net)        1                   0.00      51.13 f
  uut_add_ulp/a1/add_230/U1_23/CO (FADDX1)                0.17      0.38 &    51.51 f    mo 
  uut_add_ulp/a1/add_230/carry[24] (net)        1                   0.00      51.51 f
  uut_add_ulp/a1/add_230/U1_24/CO (FADDX1)                0.17      0.38 &    51.90 f    mo 
  uut_add_ulp/a1/add_230/carry[25] (net)        1                   0.00      51.90 f
  uut_add_ulp/a1/add_230/U1_25/CO (FADDX1)                0.16      0.38 &    52.28 f    mo 
  uut_add_ulp/a1/add_230/carry[26] (net)        1                   0.00      52.28 f
  uut_add_ulp/a1/add_230/U1_26/CO (FADDX1)                0.17      0.38 &    52.65 f    mo 
  uut_add_ulp/a1/add_230/carry[27] (net)        1                   0.00      52.65 f
  uut_add_ulp/a1/add_230/U1_27/CO (FADDX1)                0.18      0.39 &    53.04 f    mo 
  uut_add_ulp/a1/add_230/carry[28] (net)        1                   0.00      53.04 f
  uut_add_ulp/a1/add_230/U1_28/CO (FADDX1)                0.17      0.38 &    53.43 f    mo 
  uut_add_ulp/a1/add_230/carry[29] (net)        1                   0.00      53.43 f
  uut_add_ulp/a1/add_230/U1_29/CO (FADDX1)                0.16      0.38 &    53.80 f    mo 
  uut_add_ulp/a1/add_230/carry[30] (net)        1                   0.00      53.80 f
  uut_add_ulp/a1/add_230/U1_30/CO (FADDX1)                0.16      0.37 &    54.18 f    mo 
  uut_add_ulp/a1/add_230/carry[31] (net)        1                   0.00      54.18 f
  uut_add_ulp/a1/add_230/U1_31/S (FADDX1)                 0.14      0.40 &    54.58 f    mo 
  uut_add_ulp/a1/add_230/SUM[31] (net)          1                   0.00      54.58 f
  uut_add_ulp/a1/add_230/SUM[31] (add_N_in_N32_0_DW01_add_0)        0.00      54.58 f
  uut_add_ulp/a1/c[31] (net)                                        0.00      54.58 f
  uut_add_ulp/a1/c[31] (add_N_in_N32_0)                             0.00      54.58 f
  uut_add_ulp/c[31] (net)                                           0.00      54.58 f
  uut_add_ulp/c[31] (add_N_N32_0)                                   0.00      54.58 f
  tmp1_o_rnd_ulp[31] (net)                                          0.00      54.58 f
  U398/Q (MUX21X1)                                        0.20      0.33 &    54.90 f
  tmp1_o_rnd[31] (net)                          2                   0.00      54.90 f
  sub_159/B[31] (ppu_DW01_sub_0)                                    0.00      54.90 f
  sub_159/B[31] (net)                                               0.00      54.90 f
  sub_159/U62/Q (XOR2X1)                                  0.11      0.28 &    55.18 f
  sub_159/DIFF[31] (net)                        1                   0.00      55.18 f
  sub_159/DIFF[31] (ppu_DW01_sub_0)                                 0.00      55.18 f
  N117 (net)                                                        0.00      55.18 f
  U397/Q (AO22X1)                                         0.19      0.36 &    55.54 f
  out[30] (net)                                 1                   0.00      55.54 f
  out[30] (out)                                           0.19      0.00 &    55.54 f
  data arrival time                                                           55.54
  ------------------------------------------------------------------------------------------------------
  (Path is unconstrained)


1
