#@ # 
#@ # Running fm_shell Version T-2022.03-SP4 for linux64 -- Aug 29, 2022
#@ # Date:   Wed Dec  7 20:54:23 2022
#@ # Run by: ece0004@blackhawk
#@ 

source /apps/synopsys2022/fm/T-2022.03-SP4/admin/setup/.synopsys_fm.setup
#@ # -- Starting source /apps/synopsys2022/fm/T-2022.03-SP4/admin/setup/.synopsys_fm.setup

#@ #
#@ # .synopsys_fm.setup: Initialization File for Formality
#@ #
#@ 
#@ 
#@ #
#@ # Enable stack trace output on fatal.  Not available for all architectures.
#@ #
#@ if { $sh_arch == "sparc" || $sh_arch == "sparcOS5" || \
#@      $sh_arch == "hp700" || $sh_arch == "hpux10" } {
#@   set_unix_variable SYNOPSYS_TRACE ""
#@ }
#@ 
#@ #
#@ # Variable settings
#@ #
#@ set sh_new_variable_message true
#@ 
#@ #
#@ # Synopsys strongly recommends that you uncomment the following command
#@ # in order to set sh_command_abbrev_mode to the value "Command-Line-Only".
#@ # Command abbreviation is intended as an interactive convenience.  Using
#@ # abbreviations in scripts can cause commands to fail in subsequent releases.
#@ # 
#@ #set sh_command_abbrev_mode "Command-Line-Only"
#@ 
#@ #
#@ # Some useful aliases
#@ #
#@ alias list_commands		help
#@ 
#@ #
#@ # The alias of q to quit is commented out.  Remove the comment 
#@ # character if you want this alias.  Some users find that having 
#@ # this particular alias causes problems when mixed with page-mode
#@ # for reports - an accidental repeated 'q' not only cancels the
#@ # output but exits the tool.
#@ #
#@ #alias q quit
#@ # -- End source /apps/synopsys2022/fm/T-2022.03-SP4/admin/setup/.synopsys_fm.setup

source -echo -verbose ppu_run-formality.tcl
#@ # -- Starting source ppu_run-formality.tcl

#@ set_app_var search_path "/apps/designlib/SAED90_EDK/SAED_EDK90nm/Digital_Standard_cell_Library/synopsys/models/ ../../src ."
#@ set_app_var synopsys_auto_setup "true"
#@ set_svf "ppu_syn.svf"
#@ read_db -technology_library "saed90nm_max.db"
#@ read_sverilog -r "ppu.sv" -work_library work
#@ set_top r:/WORK/ppu
#@ read_ddc -i "./output/ppu_syn.ddc"
#@ set_top i:/WORK/ppu
#@ match
#@ report_unmatched_points
#@ verify
#@ report_status > reports/formality_report.rpt
#@ quit
