set ucliGUI::state
set ucliGUI::state
ucliCore::getToolPID
synopsys::env hasTB
trigger_hier_stack_context_switch 0
synUtils::setDVEInitPhase 1
synopsys::dump -type VPD -file /home/student/ece0004/Documents/cpe527/PositProcessingUnit/build/vcs-post-par/inter.vpd -locking
synopsys::dump -autoflush on -fid VPD0
set ::dve_fid VPD0
synUtils::setDVEInitPhase 0
ucliCore::getToolPID
synUtils::sendTool -active _icl_setToolSocket /tmp/smlnp3Ll527
synUtils::sendTool -active {_icl_start_rpc -version "T-2022.06-1_Full64" -sync_file /tmp/vcs_dve_rpc.ece0004.83642}
synUtils::sendTool -active {_icl_createSharedMemory /tmp/vcs_dve_general.ece0004.83642}
config endofsim noexit
config onfail enable all
config syscaddplainmembers
config syscaddsourcenames
config syscaddstructtypes
synopsys::listing -disable
ucliGUI::vpdAddHierarchy -scope tb_ppu -depth 1 -file /home/student/ece0004/Documents/cpe527/PositProcessingUnit/build/vcs-post-par/inter.vpd; synopsys::dump -flush VPD0
synopsys::dump -add {tb_ppu.N tb_ppu.clk tb_ppu.data1 tb_ppu.data2 tb_ppu.diff tb_ppu.es tb_ppu.i tb_ppu.in1 tb_ppu.in2 tb_ppu.inf tb_ppu.out tb_ppu.outfile tb_ppu.result tb_ppu.start tb_ppu.zero } -aggregates  -fid VPD0
synopsys::run
set ucliGUI::state
set ucliGUI::state
set ucliGUI::state
set ucliGUI::state
if [catch {gui_sim_terminate}] {gui_sim_terminate -kill}
synopsys::finish
set ucliGUI::state
set ucliGUI::state
ucli_exit
