# Preference setting overrides
gui_create_pref_key -category {Globals} -key {load_detail_for_funcov} -value_type {bool} -value {false}
gui_create_pref_category -category {schem_obj_name}
gui_create_pref_key -category {schem_obj_name} -key {show_cell_and_pin_with_symbol_name} -value_type {bool} -value {false}
gui_create_pref_key -category {schem_pin_hc} -key {textExtFont} -value_type {string} -value {Helvetica,10,-1,5,50,0,0,0,0,0}

# State setting overrides
gui_state_default_create -off -ini
gui_set_state_value -category Globals -key recent_sessions -value {{gui_load_session -ignore_errors -file /home/student/ece0004/Documents/cpe527/l2a3/session.inter.vpd.tcl} {gui_load_session -ignore_errors -file /home/student/ece0004/Documents/cpe527/vcs_tut/session.inter.vpd.tcl}}
gui_set_state_value -category Layout -key child_console_size_x -value 1800
gui_set_state_value -category Layout -key child_console_size_y -value 346
gui_set_state_value -category Layout -key child_data_coltype -value 93
gui_set_state_value -category Layout -key child_data_colvalue -value 123
gui_set_state_value -category Layout -key child_data_colvariable -value 164
gui_set_state_value -category Layout -key child_data_size_x -value 391
gui_set_state_value -category Layout -key child_data_size_y -value 690
gui_set_state_value -category Layout -key child_hier_col3 -value {-1}
gui_set_state_value -category Layout -key child_hier_colhier -value 171
gui_set_state_value -category Layout -key child_hier_colpd -value 0
gui_set_state_value -category Layout -key child_hier_coltype -value 107
gui_set_state_value -category Layout -key child_hier_size_x -value 259
gui_set_state_value -category Layout -key child_hier_size_y -value 690
gui_set_state_value -category Layout -key child_schematic_pos_x -value {-2}
gui_set_state_value -category Layout -key child_schematic_pos_y -value {-15}
gui_set_state_value -category Layout -key child_schematic_size_x -value 1199
gui_set_state_value -category Layout -key child_schematic_size_y -value 857
gui_set_state_value -category Layout -key child_source_docknewline -value false
gui_set_state_value -category Layout -key child_source_pos_x -value {-2}
gui_set_state_value -category Layout -key child_source_pos_y -value {-15}
gui_set_state_value -category Layout -key child_source_size_x -value 1153
gui_set_state_value -category Layout -key child_source_size_y -value 685
gui_set_state_value -category Layout -key child_wave_colname -value 250
gui_set_state_value -category Layout -key child_wave_colvalue -value 250
gui_set_state_value -category Layout -key child_wave_left -value 504
gui_set_state_value -category Layout -key child_wave_right -value 1230
gui_set_state_value -category Layout -key main_pos_x -value 8
gui_set_state_value -category Layout -key main_pos_y -value 31
gui_set_state_value -category Layout -key main_size_x -value 1808
gui_set_state_value -category Layout -key main_size_y -value 1166
gui_set_state_value -category Layout -key stand_wave_child_docknewline -value false
gui_set_state_value -category Layout -key stand_wave_child_pos_x -value {-2}
gui_set_state_value -category Layout -key stand_wave_child_pos_y -value {-15}
gui_set_state_value -category Layout -key stand_wave_child_size_x -value 1744
gui_set_state_value -category Layout -key stand_wave_child_size_y -value 866
gui_set_state_value -category Layout -key stand_wave_top_pos_x -value 48
gui_set_state_value -category Layout -key stand_wave_top_pos_y -value 106
gui_set_state_value -category Layout -key stand_wave_top_size_x -value 1787
gui_set_state_value -category Layout -key stand_wave_top_size_y -value 1076
gui_create_state_key -category FindDialog -key m_pMatchCase -value_type bool -value false
gui_create_state_key -category FindDialog -key m_pMatchWord -value_type bool -value false
gui_create_state_key -category FindDialog -key m_pUseCombo -value_type string -value {}
gui_create_state_key -category FindDialog -key m_pWrapAround -value_type bool -value true
gui_create_state_key -category Widget_History -key TopLevel.1|qt_left_dock|DockWnd1|HSPane.1|pages|Hier.1|hbox|textfilter -value_type string -value {counter_reg_0_ counter {} counter_reg_}
gui_create_state_key -category Widget_History -key {dlgSimSetup|m_setupTab|tab pages|SimTab|m_VPDCombo} -value_type string -value inter.vpd
gui_create_state_key -category Widget_History -key {dlgSimSetup|m_setupTab|tab pages|SimTab|m_argsCombo} -value_type string -value {{-ucligui } {-V} {-ucligui -V {}}}
gui_create_state_key -category Widget_History -key {dlgSimSetup|m_setupTab|tab pages|SimTab|m_curDirCombo} -value_type string -value {/home/student/ece0004/Documents/cpe527/PositProcessingUnit/build/vcs-post-syn /home/student/ece0004/Documents/cpe527/PositProcessingUnit/build/vcs-src /home/student/ece0004/Documents/cpe527/multiplier/build/vcs-src /home/student/ece0004/Documents/cpe527/l2a3 /home/student/ece0004/Documents/cpe527/l2a3/tb}
gui_create_state_key -category Widget_History -key {dlgSimSetup|m_setupTab|tab pages|SimTab|m_exeCombo} -value_type string -value {./simv /home/student/ece0004/Documents/cpe527/PositProcessingUnit/build/vcs-src/ppu_presyn.simv ./ppu_presyn.simv ./ps_simv.vsim ./../../tb/ps_simv.vsim}
gui_state_default_create -off

# Begin command logging
gui_sim_run Ucli -exe ./ppu_postsyn.simv -args {-ucligui  } -dir .
gui_list_select_all -id Data.1
gui_open_window Wave
gui_list_add -id Wave.1 -from Data.1 { {tb_ppu.in1[31:0]} {tb_ppu.in2[31:0]} tb_ppu.start {tb_ppu.out[31:0]} tb_ppu.clk {tb_ppu.outfile[31:0]} {tb_ppu.i[15:0]} {tb_ppu.diff[31:0]} {tb_ppu.data1[1:256][31:0]} {tb_ppu.data2[1:256][31:0]} {tb_ppu.result[1:256][31:0]} tb_ppu.inf tb_ppu.zero {tb_ppu.N[31:0]} {tb_ppu.es[31:0]} } -insertionbar
gui_sim_continue  
gui_marker_move -id  Wave.1 C1 25819974
gui_zoom -window Wave.1 -factor 0.5
gui_zoom -window Wave.1 -factor 0.5
gui_zoom -window Wave.1 -factor 0.5
gui_zoom -window Wave.1 -factor 0.5
gui_zoom -window Wave.1 -factor 0.5
gui_zoom -window Wave.1 -factor 0.5
gui_zoom -window Wave.1 -factor 0.5
gui_zoom -window Wave.1 -factor 0.5
gui_zoom -window Wave.1 -factor 0.5
gui_zoom -window Wave.1 -factor 0.5
gui_zoom -window Wave.1 -factor 0.5
gui_zoom -window Wave.1 -factor 0.5
gui_zoom -window Wave.1 -factor 0.5
gui_wv_scroll_hslidermove -id  Wave.1 0
gui_marker_move -id  Wave.1 C1 125611
gui_zoom -window Wave.1 -factor 2
gui_zoom -window Wave.1 -factor 2
gui_zoom -window Wave.1 -factor 2
gui_zoom -window Wave.1 -factor 0.5
gui_zoom -window  Wave.1  -full
gui_wv_scroll_hslidermove -id  Wave.1 0
gui_wv_scroll_hslidermove -id  Wave.1 0
gui_wv_scroll_hslidermove -id  Wave.1 0
gui_marker_move -id  Wave.1 C1 9973482
gui_marker_move -id  Wave.1 C1 16999768
gui_zoom -window Wave.1 -factor 0.5
gui_zoom -window Wave.1 -factor 2
gui_wv_scroll_hslidermove -id  Wave.1 0
gui_marker_move -id  Wave.1 C1 1085000
gui_zoom -window Wave.1 -factor 2
gui_zoom -window Wave.1 -factor 2
gui_zoom -window Wave.1 -factor 2
gui_zoom -window Wave.1 -factor 2
gui_zoom -window Wave.1 -factor 2
gui_wv_scroll_hslidermove -id  Wave.1 0
gui_marker_move -id  Wave.1 C1 775000
gui_zoom -window Wave.1 -factor 2
gui_zoom -window Wave.1 -factor 2
gui_zoom -window Wave.1 -factor 2
gui_zoom -window Wave.1 -factor 2
gui_marker_move -id  Wave.1 C1 767394
gui_marker_move -id  Wave.1 C1 770773
gui_zoom -window Wave.1 -factor 2
gui_list_select -id Wave.1 -selected  { tb_ppu.start   }
gui_delete_selected -id  Wave.1
gui_list_select -id Wave.1 -selected  { {tb_ppu.out[31:0]}   }
gui_list_select -id Wave.1 -selected  { tb_ppu.clk   }
gui_delete_selected -id  Wave.1
gui_list_select -id Wave.1 -selected  { {tb_ppu.outfile[31:0]}   }
gui_delete_selected -id  Wave.1
gui_list_select -id Wave.1 -selected  { {tb_ppu.i[15:0]}   }
gui_delete_selected -id  Wave.1
gui_list_select -id Wave.1 -selected  { {tb_ppu.diff[31:0]}   }
gui_delete_selected -id  Wave.1
gui_list_select -id Wave.1 -selected  { {tb_ppu.data1[1:256][31:0]}   }
gui_delete_selected -id  Wave.1
gui_list_select -id Wave.1 -selected  { {tb_ppu.data2[1:256][31:0]}   }
gui_delete_selected -id  Wave.1
gui_list_select -id Wave.1 -selected  { {tb_ppu.result[1:256][31:0]}   }
gui_delete_selected -id  Wave.1
gui_list_select -id Wave.1 -selected  { tb_ppu.inf   }
gui_list_select -id Wave.1 -selected  { {tb_ppu.N[31:0]}   }
gui_delete_selected -id  Wave.1
gui_list_select -id Wave.1 -selected  { {tb_ppu.es[31:0]}   }
gui_delete_selected -id  Wave.1
gui_list_select -id Wave.1 -selected  { tb_ppu.zero   }
gui_list_select -id Wave.1 -selected  {  }
gui_close_window -window TopLevel.2
