Information: Updating design information... (UID-85)
 
****************************************
Report : timing
        -path full
        -delay max
        -nets
        -max_paths 1
        -transition_time
Design : ppu
Version: T-2022.03-SP3
Date   : Wed Dec  7 20:52:07 2022
****************************************

Operating Conditions: WORST   Library: saed90nm_max
Wire Load Model Mode: enclosed

  Startpoint: in2[31] (input port)
  Endpoint: out[30] (output port)
  Path Group: (none)
  Path Type: max

  Des/Clust/Port     Wire Load Model       Library
  ------------------------------------------------
  ppu                35000                 saed90nm_max
  data_extract_v1_N32_es2_1 8000           saed90nm_max
  LOD_N4_1           ForQA                 saed90nm_max
  LOD_N8_1           ForQA                 saed90nm_max
  LOD_N16_1          8000                  saed90nm_max
  LOD_N32_1          8000                  saed90nm_max
  DSR_left_N_S_N32_S5_1 8000               saed90nm_max
  sub_N_in_N8_0_DW01_sub_0_DW01_sub_5 8000 saed90nm_max
  DSR_right_N_S_N32_S5 8000                saed90nm_max
  sub_N_in_N32_DW01_sub_0_DW01_sub_4 8000  saed90nm_max
  add_sub_N_N32      8000                  saed90nm_max
  LOD_N4_17          ForQA                 saed90nm_max
  LOD_N8_9           ForQA                 saed90nm_max
  LOD_N16_5          8000                  saed90nm_max
  LOD_N32_0          8000                  saed90nm_max
  sub_N_in_N8_1_DW01_sub_0_DW01_sub_3 8000 saed90nm_max
  add_1_N8           ForQA                 saed90nm_max
  reg_exp_op_es2_Bs5 8000                  saed90nm_max
  DSR_right_N_S_N99_S5 8000                saed90nm_max
  add_N_in_N32_0_DW01_add_0 8000           saed90nm_max
  ppu_DW01_sub_0     8000                  saed90nm_max

Attributes:
    d - dont_touch
    u - dont_use
   mo - map_only
   so - size_only
    i - ideal_net or ideal_network
  inf - infeasible path

  Point                                       Fanout     Trans      Incr       Path      Attributes
  ---------------------------------------------------------------------------------------------------------
  input external delay                                              0.00       0.00 r
  in2[31] (in)                                            0.00      0.00       0.00 r
  in2[31] (net)                                37                   0.00       0.00 r
  U638/Q (MUX21X1)                                        0.24    552.50     552.50 r
  xin2[30] (net)                                6                   0.00     552.50 r
  uut_de2/in[30] (data_extract_v1_N32_es2_1)                        0.00     552.50 r
  uut_de2/in[30] (net)                                              0.00     552.50 r
  uut_de2/U2/ZN (INVX2)                                   0.33      3.55     556.05 f
  uut_de2/n1 (net)                             32                   0.00     556.05 f
  uut_de2/U12/Q (XNOR2X1)                                 0.14    291.99     848.04 r
  uut_de2/xin_r[29] (net)                       2                   0.00     848.04 r
  uut_de2/xinst_k/in[30] (LOD_N_N32_1)                              0.00     848.04 r
  uut_de2/xinst_k/in[30] (net)                                      0.00     848.04 r
  uut_de2/xinst_k/l1/in[30] (LOD_N32_1)                             0.00     848.04 r
  uut_de2/xinst_k/l1/in[30] (net)                                   0.00     848.04 r
  uut_de2/xinst_k/l1/genblk1.h/in[14] (LOD_N16_1)                   0.00     848.04 r
  uut_de2/xinst_k/l1/genblk1.h/in[14] (net)                         0.00     848.04 r
  uut_de2/xinst_k/l1/genblk1.h/genblk1.h/in[6] (LOD_N8_1)           0.00     848.04 r
  uut_de2/xinst_k/l1/genblk1.h/genblk1.h/in[6] (net)                0.00     848.04 r
  uut_de2/xinst_k/l1/genblk1.h/genblk1.h/genblk1.h/in[2] (LOD_N4_1)     0.00   848.04 r
  uut_de2/xinst_k/l1/genblk1.h/genblk1.h/genblk1.h/in[2] (net)      0.00     848.04 r
  uut_de2/xinst_k/l1/genblk1.h/genblk1.h/genblk1.h/genblk1.h/in[0] (LOD_N2_1)     0.00   848.04 r
  uut_de2/xinst_k/l1/genblk1.h/genblk1.h/genblk1.h/genblk1.h/in[0] (net)     0.00   848.04 r
  uut_de2/xinst_k/l1/genblk1.h/genblk1.h/genblk1.h/genblk1.h/U1/Q (OR2X1)     0.14     0.44   848.48 r
  uut_de2/xinst_k/l1/genblk1.h/genblk1.h/genblk1.h/genblk1.h/vld (net)     3     0.00   848.48 r
  uut_de2/xinst_k/l1/genblk1.h/genblk1.h/genblk1.h/genblk1.h/vld (LOD_N2_1)     0.00   848.48 r
  uut_de2/xinst_k/l1/genblk1.h/genblk1.h/genblk1.h/genblk1.out_vh (net)     0.00   848.48 r
  uut_de2/xinst_k/l1/genblk1.h/genblk1.h/genblk1.h/U2/Q (OR2X1)     0.18     0.80   849.28 r
  uut_de2/xinst_k/l1/genblk1.h/genblk1.h/genblk1.h/vld (net)     4     0.00   849.28 r
  uut_de2/xinst_k/l1/genblk1.h/genblk1.h/genblk1.h/vld (LOD_N4_1)     0.00   849.28 r
  uut_de2/xinst_k/l1/genblk1.h/genblk1.h/genblk1.out_vh (net)       0.00     849.28 r
  uut_de2/xinst_k/l1/genblk1.h/genblk1.h/U2/Q (OR2X1)     0.20      1.37     850.65 r
  uut_de2/xinst_k/l1/genblk1.h/genblk1.h/vld (net)     5            0.00     850.65 r
  uut_de2/xinst_k/l1/genblk1.h/genblk1.h/vld (LOD_N8_1)             0.00     850.65 r
  uut_de2/xinst_k/l1/genblk1.h/genblk1.out_vh (net)                 0.00     850.65 r
  uut_de2/xinst_k/l1/genblk1.h/U2/Q (OR2X1)               0.23      2.63     853.29 r
  uut_de2/xinst_k/l1/genblk1.h/vld (net)        6                   0.00     853.29 r
  uut_de2/xinst_k/l1/genblk1.h/vld (LOD_N16_1)                      0.00     853.29 r
  uut_de2/xinst_k/l1/genblk1.out_vh (net)                           0.00     853.29 r
  uut_de2/xinst_k/l1/U7/Q (MUX21X1)                       0.23      4.04     857.33 r
  uut_de2/xinst_k/l1/out[1] (net)               5                   0.00     857.33 r
  uut_de2/xinst_k/l1/out[1] (LOD_N32_1)                             0.00     857.33 r
  uut_de2/xinst_k/out[1] (net)                                      0.00     857.33 r
  uut_de2/xinst_k/out[1] (LOD_N_N32_1)                              0.00     857.33 r
  uut_de2/k[1] (net)                                                0.00     857.33 r
  uut_de2/ls/b[1] (DSR_left_N_S_N32_S5_1)                           0.00     857.33 r
  uut_de2/ls/b[1] (net)                                             0.00     857.33 r
  uut_de2/ls/U140/ZN (INVX0)                              0.18      2.76     860.08 f
  uut_de2/ls/n113 (net)                         2                   0.00     860.08 f
  uut_de2/ls/U5/QN (NOR2X2)                               0.65      0.81     860.89 r
  uut_de2/ls/n23 (net)                         30                   0.00     860.89 r
  uut_de2/ls/U132/Q (AO221X1)                             0.21    174.81    1035.70 r
  uut_de2/ls/n8 (net)                           5                   0.00    1035.70 r
  uut_de2/ls/U97/Q (AO221X1)                              0.16      1.80    1037.50 r
  uut_de2/ls/n28 (net)                          2                   0.00    1037.50 r
  uut_de2/ls/U17/Q (AO221X1)                              0.17      0.53    1038.02 r
  uut_de2/ls/c[30] (net)                        2                   0.00    1038.02 r
  uut_de2/ls/c[30] (DSR_left_N_S_N32_S5_1)                          0.00    1038.02 r
  uut_de2/exp[0] (net)                                              0.00    1038.02 r
  uut_de2/exp[0] (data_extract_v1_N32_es2_1)                        0.00    1038.02 r
  e2[0] (net)                                                       0.00    1038.02 r
  U514/Q (MUX21X1)                                        0.19      0.53    1038.55 r
  le[0] (net)                                   4                   0.00    1038.55 r
  uut_ediff/a[0] (sub_N_N8_0)                                       0.00    1038.55 r
  uut_ediff/a[0] (net)                                              0.00    1038.55 r
  uut_ediff/s1/a[0] (sub_N_in_N8_0)                                 0.00    1038.55 r
  uut_ediff/s1/a[0] (net)                                           0.00    1038.55 r
  uut_ediff/s1/sub_221/A[0] (sub_N_in_N8_0_DW01_sub_0_DW01_sub_5)     0.00  1038.55 r
  uut_ediff/s1/sub_221/A[0] (net)                                   0.00    1038.55 r
  uut_ediff/s1/sub_221/U5/ZN (INVX0)                      0.10      1.21    1039.77 f
  uut_ediff/s1/sub_221/n1 (net)                 1                   0.00    1039.77 f
  uut_ediff/s1/sub_221/U3/QN (NAND2X1)                    0.20      0.17    1039.93 r
  uut_ediff/s1/sub_221/carry[1] (net)           1                   0.00    1039.93 r
  uut_ediff/s1/sub_221/U2_1/CO (FADDX1)                   0.18      0.52    1040.45 r    mo 
  uut_ediff/s1/sub_221/carry[2] (net)           1                   0.00    1040.45 r
  uut_ediff/s1/sub_221/U2_2/CO (FADDX1)                   0.18      0.51    1040.97 r    mo 
  uut_ediff/s1/sub_221/carry[3] (net)           1                   0.00    1040.97 r
  uut_ediff/s1/sub_221/U2_3/CO (FADDX1)                   0.18      0.51    1041.48 r    mo 
  uut_ediff/s1/sub_221/carry[4] (net)           1                   0.00    1041.48 r
  uut_ediff/s1/sub_221/U2_4/CO (FADDX1)                   0.18      0.51    1041.99 r    mo 
  uut_ediff/s1/sub_221/carry[5] (net)           1                   0.00    1041.99 r
  uut_ediff/s1/sub_221/U2_5/CO (FADDX1)                   0.18      0.51    1042.50 r    mo 
  uut_ediff/s1/sub_221/carry[6] (net)           1                   0.00    1042.50 r
  uut_ediff/s1/sub_221/U2_6/CO (FADDX1)                   0.18      0.51    1043.02 r    mo 
  uut_ediff/s1/sub_221/carry[7] (net)           1                   0.00    1043.02 r
  uut_ediff/s1/sub_221/U2_7/S (FADDX1)                    0.13      0.45    1043.47 r    mo 
  uut_ediff/s1/sub_221/DIFF[7] (net)            1                   0.00    1043.47 r
  uut_ediff/s1/sub_221/DIFF[7] (sub_N_in_N8_0_DW01_sub_0_DW01_sub_5)     0.00  1043.47 r
  uut_ediff/s1/c[7] (net)                                           0.00    1043.47 r
  uut_ediff/s1/c[7] (sub_N_in_N8_0)                                 0.00    1043.47 r
  uut_ediff/c[7] (net)                                              0.00    1043.47 r
  uut_ediff/c[7] (sub_N_N8_0)                                       0.00    1043.47 r
  diff[7] (net)                                                     0.00    1043.47 r
  U645/Q (OR3X1)                                          0.19      0.30    1043.77 r
  n189 (net)                                    5                   0.00    1043.77 r
  U644/Q (OR2X1)                                          0.18      2.12    1045.89 r
  exp_diff[0] (net)                             3                   0.00    1045.89 r
  dsr1/b[0] (DSR_right_N_S_N32_S5)                                  0.00    1045.89 r
  dsr1/b[0] (net)                                                   0.00    1045.89 r
  dsr1/U145/ZN (INVX0)                                    0.18      1.13    1047.02 f
  dsr1/n113 (net)                               2                   0.00    1047.02 f
  dsr1/U10/QN (NOR2X2)                                    0.62      0.85    1047.87 r
  dsr1/n48 (net)                               31                   0.00    1047.87 r
  dsr1/U136/Q (AO22X1)                                    0.13    173.76    1221.63 r
  dsr1/n108 (net)                               1                   0.00    1221.63 r
  dsr1/U2/Q (AO221X1)                                     0.22      0.32    1221.95 r
  dsr1/n18 (net)                                6                   0.00    1221.95 r
  dsr1/U135/Q (AO22X1)                                    0.13      2.42    1224.36 r
  dsr1/n107 (net)                               1                   0.00    1224.36 r
  dsr1/U134/Q (AO221X1)                                   0.16      0.28    1224.64 r
  dsr1/n78 (net)                                2                   0.00    1224.64 r
  dsr1/U118/Q (AO221X1)                                   0.23      0.60    1225.24 r
  dsr1/c[0] (net)                               4                   0.00    1225.24 r
  dsr1/c[0] (DSR_right_N_S_N32_S5)                                  0.00    1225.24 r
  DSR_right_out[0] (net)                                            0.00    1225.24 r
  uut_add_sub_N/b[0] (add_sub_N_N32)                                0.00    1225.24 r
  uut_add_sub_N/b[0] (net)                                          0.00    1225.24 r
  uut_add_sub_N/s11/b[0] (sub_N_N32)                                0.00    1225.24 r
  uut_add_sub_N/s11/b[0] (net)                                      0.00    1225.24 r
  uut_add_sub_N/s11/s1/b[0] (sub_N_in_N32)                          0.00    1225.24 r
  uut_add_sub_N/s11/s1/b[0] (net)                                   0.00    1225.24 r
  uut_add_sub_N/s11/s1/sub_221/B[0] (sub_N_in_N32_DW01_sub_0_DW01_sub_4)     0.00  1225.24 r
  uut_add_sub_N/s11/s1/sub_221/B[0] (net)                           0.00    1225.24 r
  uut_add_sub_N/s11/s1/sub_221/U32/QN (NAND2X1)           0.17      1.41    1226.65 f
  uut_add_sub_N/s11/s1/sub_221/carry[1] (net)     1                 0.00    1226.65 f
  uut_add_sub_N/s11/s1/sub_221/U2_1/CO (FADDX1)           0.16      0.53    1227.19 f    mo 
  uut_add_sub_N/s11/s1/sub_221/carry[2] (net)     1                 0.00    1227.19 f
  uut_add_sub_N/s11/s1/sub_221/U2_2/CO (FADDX1)           0.16      0.53    1227.72 f    mo 
  uut_add_sub_N/s11/s1/sub_221/carry[3] (net)     1                 0.00    1227.72 f
  uut_add_sub_N/s11/s1/sub_221/U2_3/CO (FADDX1)           0.16      0.53    1228.25 f    mo 
  uut_add_sub_N/s11/s1/sub_221/carry[4] (net)     1                 0.00    1228.25 f
  uut_add_sub_N/s11/s1/sub_221/U2_4/CO (FADDX1)           0.16      0.53    1228.78 f    mo 
  uut_add_sub_N/s11/s1/sub_221/carry[5] (net)     1                 0.00    1228.78 f
  uut_add_sub_N/s11/s1/sub_221/U2_5/CO (FADDX1)           0.16      0.53    1229.31 f    mo 
  uut_add_sub_N/s11/s1/sub_221/carry[6] (net)     1                 0.00    1229.31 f
  uut_add_sub_N/s11/s1/sub_221/U2_6/CO (FADDX1)           0.16      0.53    1229.84 f    mo 
  uut_add_sub_N/s11/s1/sub_221/carry[7] (net)     1                 0.00    1229.84 f
  uut_add_sub_N/s11/s1/sub_221/U2_7/CO (FADDX1)           0.16      0.53    1230.38 f    mo 
  uut_add_sub_N/s11/s1/sub_221/carry[8] (net)     1                 0.00    1230.38 f
  uut_add_sub_N/s11/s1/sub_221/U2_8/CO (FADDX1)           0.16      0.53    1230.91 f    mo 
  uut_add_sub_N/s11/s1/sub_221/carry[9] (net)     1                 0.00    1230.91 f
  uut_add_sub_N/s11/s1/sub_221/U2_9/CO (FADDX1)           0.16      0.53    1231.44 f    mo 
  uut_add_sub_N/s11/s1/sub_221/carry[10] (net)     1                0.00    1231.44 f
  uut_add_sub_N/s11/s1/sub_221/U2_10/CO (FADDX1)          0.16      0.53    1231.97 f    mo 
  uut_add_sub_N/s11/s1/sub_221/carry[11] (net)     1                0.00    1231.97 f
  uut_add_sub_N/s11/s1/sub_221/U2_11/CO (FADDX1)          0.16      0.53    1232.50 f    mo 
  uut_add_sub_N/s11/s1/sub_221/carry[12] (net)     1                0.00    1232.50 f
  uut_add_sub_N/s11/s1/sub_221/U2_12/CO (FADDX1)          0.16      0.53    1233.03 f    mo 
  uut_add_sub_N/s11/s1/sub_221/carry[13] (net)     1                0.00    1233.03 f
  uut_add_sub_N/s11/s1/sub_221/U2_13/CO (FADDX1)          0.16      0.53    1233.56 f    mo 
  uut_add_sub_N/s11/s1/sub_221/carry[14] (net)     1                0.00    1233.56 f
  uut_add_sub_N/s11/s1/sub_221/U2_14/CO (FADDX1)          0.16      0.53    1234.10 f    mo 
  uut_add_sub_N/s11/s1/sub_221/carry[15] (net)     1                0.00    1234.10 f
  uut_add_sub_N/s11/s1/sub_221/U2_15/CO (FADDX1)          0.16      0.53    1234.63 f    mo 
  uut_add_sub_N/s11/s1/sub_221/carry[16] (net)     1                0.00    1234.63 f
  uut_add_sub_N/s11/s1/sub_221/U2_16/CO (FADDX1)          0.16      0.53    1235.16 f    mo 
  uut_add_sub_N/s11/s1/sub_221/carry[17] (net)     1                0.00    1235.16 f
  uut_add_sub_N/s11/s1/sub_221/U2_17/CO (FADDX1)          0.16      0.53    1235.69 f    mo 
  uut_add_sub_N/s11/s1/sub_221/carry[18] (net)     1                0.00    1235.69 f
  uut_add_sub_N/s11/s1/sub_221/U2_18/CO (FADDX1)          0.16      0.53    1236.22 f    mo 
  uut_add_sub_N/s11/s1/sub_221/carry[19] (net)     1                0.00    1236.22 f
  uut_add_sub_N/s11/s1/sub_221/U2_19/CO (FADDX1)          0.16      0.53    1236.75 f    mo 
  uut_add_sub_N/s11/s1/sub_221/carry[20] (net)     1                0.00    1236.75 f
  uut_add_sub_N/s11/s1/sub_221/U2_20/CO (FADDX1)          0.16      0.53    1237.29 f    mo 
  uut_add_sub_N/s11/s1/sub_221/carry[21] (net)     1                0.00    1237.29 f
  uut_add_sub_N/s11/s1/sub_221/U2_21/CO (FADDX1)          0.16      0.53    1237.82 f    mo 
  uut_add_sub_N/s11/s1/sub_221/carry[22] (net)     1                0.00    1237.82 f
  uut_add_sub_N/s11/s1/sub_221/U2_22/CO (FADDX1)          0.16      0.53    1238.35 f    mo 
  uut_add_sub_N/s11/s1/sub_221/carry[23] (net)     1                0.00    1238.35 f
  uut_add_sub_N/s11/s1/sub_221/U2_23/CO (FADDX1)          0.16      0.53    1238.88 f    mo 
  uut_add_sub_N/s11/s1/sub_221/carry[24] (net)     1                0.00    1238.88 f
  uut_add_sub_N/s11/s1/sub_221/U2_24/CO (FADDX1)          0.16      0.53    1239.41 f    mo 
  uut_add_sub_N/s11/s1/sub_221/carry[25] (net)     1                0.00    1239.41 f
  uut_add_sub_N/s11/s1/sub_221/U2_25/CO (FADDX1)          0.16      0.53    1239.94 f    mo 
  uut_add_sub_N/s11/s1/sub_221/carry[26] (net)     1                0.00    1239.94 f
  uut_add_sub_N/s11/s1/sub_221/U2_26/CO (FADDX1)          0.16      0.53    1240.48 f    mo 
  uut_add_sub_N/s11/s1/sub_221/carry[27] (net)     1                0.00    1240.48 f
  uut_add_sub_N/s11/s1/sub_221/U2_27/CO (FADDX1)          0.16      0.53    1241.01 f    mo 
  uut_add_sub_N/s11/s1/sub_221/carry[28] (net)     1                0.00    1241.01 f
  uut_add_sub_N/s11/s1/sub_221/U2_28/CO (FADDX1)          0.16      0.53    1241.54 f    mo 
  uut_add_sub_N/s11/s1/sub_221/carry[29] (net)     1                0.00    1241.54 f
  uut_add_sub_N/s11/s1/sub_221/U2_29/CO (FADDX1)          0.16      0.53    1242.07 f    mo 
  uut_add_sub_N/s11/s1/sub_221/carry[30] (net)     1                0.00    1242.07 f
  uut_add_sub_N/s11/s1/sub_221/U2_30/CO (FADDX1)          0.16      0.53    1242.60 f    mo 
  uut_add_sub_N/s11/s1/sub_221/carry[31] (net)     1                0.00    1242.60 f
  uut_add_sub_N/s11/s1/sub_221/U2_31/CO (FADDX1)          0.12      0.50    1243.10 f    mo 
  uut_add_sub_N/s11/s1/sub_221/carry[32] (net)     1                0.00    1243.10 f
  uut_add_sub_N/s11/s1/sub_221/U2_32/Q (XOR3X1)           0.13      0.30    1243.40 r    mo 
  uut_add_sub_N/s11/s1/sub_221/DIFF[32] (net)     1                 0.00    1243.40 r
  uut_add_sub_N/s11/s1/sub_221/DIFF[32] (sub_N_in_N32_DW01_sub_0_DW01_sub_4)     0.00  1243.40 r
  uut_add_sub_N/s11/s1/c[32] (net)                                  0.00    1243.40 r
  uut_add_sub_N/s11/s1/c[32] (sub_N_in_N32)                         0.00    1243.40 r
  uut_add_sub_N/s11/c[32] (net)                                     0.00    1243.40 r
  uut_add_sub_N/s11/c[32] (sub_N_N32)                               0.00    1243.40 r
  uut_add_sub_N/c_sub[32] (net)                                     0.00    1243.40 r
  uut_add_sub_N/U8/Q (MUX21X1)                            0.20      0.36    1243.76 r
  uut_add_sub_N/c[32] (net)                     5                   0.00    1243.76 r
  uut_add_sub_N/c[32] (add_sub_N_N32)                               0.00    1243.76 r
  add_m[32] (net)                                                   0.00    1243.76 r
  U646/Q (OR2X1)                                          0.11      1.97    1245.74 r
  LOD_in[31] (net)                              2                   0.00    1245.74 r
  l2/in[31] (LOD_N_N32_0)                                           0.00    1245.74 r
  l2/in[31] (net)                                                   0.00    1245.74 r
  l2/l1/in[31] (LOD_N32_0)                                          0.00    1245.74 r
  l2/l1/in[31] (net)                                                0.00    1245.74 r
  l2/l1/genblk1.h/in[15] (LOD_N16_5)                                0.00    1245.74 r
  l2/l1/genblk1.h/in[15] (net)                                      0.00    1245.74 r
  l2/l1/genblk1.h/genblk1.h/in[7] (LOD_N8_9)                        0.00    1245.74 r
  l2/l1/genblk1.h/genblk1.h/in[7] (net)                             0.00    1245.74 r
  l2/l1/genblk1.h/genblk1.h/genblk1.h/in[3] (LOD_N4_17)             0.00    1245.74 r
  l2/l1/genblk1.h/genblk1.h/genblk1.h/in[3] (net)                   0.00    1245.74 r
  l2/l1/genblk1.h/genblk1.h/genblk1.h/genblk1.h/in[1] (LOD_N2_33)     0.00  1245.74 r
  l2/l1/genblk1.h/genblk1.h/genblk1.h/genblk1.h/in[1] (net)         0.00    1245.74 r
  l2/l1/genblk1.h/genblk1.h/genblk1.h/genblk1.h/U1/Q (OR2X1)     0.15     0.42  1246.15 r
  l2/l1/genblk1.h/genblk1.h/genblk1.h/genblk1.h/vld (net)     3     0.00    1246.15 r
  l2/l1/genblk1.h/genblk1.h/genblk1.h/genblk1.h/vld (LOD_N2_33)     0.00    1246.15 r
  l2/l1/genblk1.h/genblk1.h/genblk1.h/genblk1.out_vh (net)          0.00    1246.15 r
  l2/l1/genblk1.h/genblk1.h/genblk1.h/U2/Q (OR2X1)        0.18      0.80    1246.96 r
  l2/l1/genblk1.h/genblk1.h/genblk1.h/vld (net)     4               0.00    1246.96 r
  l2/l1/genblk1.h/genblk1.h/genblk1.h/vld (LOD_N4_17)               0.00    1246.96 r
  l2/l1/genblk1.h/genblk1.h/genblk1.out_vh (net)                    0.00    1246.96 r
  l2/l1/genblk1.h/genblk1.h/U2/Q (OR2X1)                  0.20      1.37    1248.32 r
  l2/l1/genblk1.h/genblk1.h/vld (net)           5                   0.00    1248.32 r
  l2/l1/genblk1.h/genblk1.h/vld (LOD_N8_9)                          0.00    1248.32 r
  l2/l1/genblk1.h/genblk1.out_vh (net)                              0.00    1248.32 r
  l2/l1/genblk1.h/U2/Q (OR2X1)                            0.23      2.63    1250.96 r
  l2/l1/genblk1.h/vld (net)                     6                   0.00    1250.96 r
  l2/l1/genblk1.h/vld (LOD_N16_5)                                   0.00    1250.96 r
  l2/l1/genblk1.out_vh (net)                                        0.00    1250.96 r
  l2/l1/U3/QN (NOR2X0)                                    0.41      3.98    1254.93 f
  l2/l1/out[4] (net)                           13                   0.00    1254.93 f
  l2/l1/out[4] (LOD_N32_0)                                          0.00    1254.93 f
  l2/out[4] (net)                                                   0.00    1254.93 f
  l2/out[4] (LOD_N_N32_0)                                           0.00    1254.93 f
  left_shift[4] (net)                                               0.00    1254.93 f
  sub3/b[4] (sub_N_N8_1)                                            0.00    1254.93 f
  sub3/b[4] (net)                                                   0.00    1254.93 f
  sub3/s1/b[4] (sub_N_in_N8_1)                                      0.00    1254.93 f
  sub3/s1/b[4] (net)                                                0.00    1254.93 f
  sub3/s1/sub_221/B[4] (sub_N_in_N8_1_DW01_sub_0_DW01_sub_3)        0.00    1254.93 f
  sub3/s1/sub_221/B[4] (net)                                        0.00    1254.93 f
  sub3/s1/sub_221/U6/ZN (INVX0)                           0.34     15.58    1270.52 r
  sub3/s1/sub_221/n5 (net)                      1                   0.00    1270.52 r
  sub3/s1/sub_221/U2_4/CO (FADDX1)                        0.18      0.64    1271.16 r    mo 
  sub3/s1/sub_221/carry[5] (net)                1                   0.00    1271.16 r
  sub3/s1/sub_221/U2_5/CO (FADDX1)                        0.18      0.51    1271.67 r    mo 
  sub3/s1/sub_221/carry[6] (net)                1                   0.00    1271.67 r
  sub3/s1/sub_221/U2_6/S (FADDX1)                         0.16      0.58    1272.26 f    mo 
  sub3/s1/sub_221/DIFF[6] (net)                 2                   0.00    1272.26 f
  sub3/s1/sub_221/DIFF[6] (sub_N_in_N8_1_DW01_sub_0_DW01_sub_3)     0.00    1272.26 f
  sub3/s1/c[6] (net)                                                0.00    1272.26 f
  sub3/s1/c[6] (sub_N_in_N8_1)                                      0.00    1272.26 f
  sub3/c[6] (net)                                                   0.00    1272.26 f
  sub3/c[6] (sub_N_N8_1)                                            0.00    1272.26 f
  le_o_tmp[6] (net)                                                 0.00    1272.26 f
  uut_add_mantovf/a[6] (add_1_N8)                                   0.00    1272.26 f
  uut_add_mantovf/a[6] (net)                                        0.00    1272.26 f
  uut_add_mantovf/U3/ZN (INVX0)                           0.12      0.30    1272.56 r
  uut_add_mantovf/n3 (net)                      1                   0.00    1272.56 r
  uut_add_mantovf/U2/QN (NOR2X0)                          0.14      0.17    1272.73 f
  uut_add_mantovf/n1 (net)                      1                   0.00    1272.73 f
  uut_add_mantovf/U1/Q (XOR2X1)                           0.18      0.40    1273.13 f
  uut_add_mantovf/c[7] (net)                    6                   0.00    1273.13 f
  uut_add_mantovf/c[7] (add_1_N8)                                   0.00    1273.13 f
  le_o[7] (net)                                                     0.00    1273.13 f
  uut_reg_ro/exp_o[7] (reg_exp_op_es2_Bs5)                          0.00    1273.13 f
  uut_reg_ro/exp_o[7] (net)                                         0.00    1273.13 f
  uut_reg_ro/U18/ZN (INVX0)                               0.49      2.26    1275.39 r
  uut_reg_ro/n12 (net)                          7                   0.00    1275.39 r
  uut_reg_ro/U16/Q (OR3X1)                                0.15      6.12    1281.51 r
  uut_reg_ro/n9 (net)                           3                   0.00    1281.51 r
  uut_reg_ro/U8/QN (NAND4X0)                              0.25      0.79    1282.30 f
  uut_reg_ro/n4 (net)                           2                   0.00    1282.30 f
  uut_reg_ro/U4/QN (NOR2X0)                               0.22      0.42    1282.72 r
  uut_reg_ro/n1 (net)                           1                   0.00    1282.72 r
  uut_reg_ro/U2/Q (XOR2X1)                                0.45      0.58    1283.30 f
  uut_reg_ro/r_o[4] (net)                      20                   0.00    1283.30 f
  uut_reg_ro/r_o[4] (reg_exp_op_es2_Bs5)                            0.00    1283.30 f
  r_o[4] (net)                                                      0.00    1283.30 f
  dsr2/b[4] (DSR_right_N_S_N99_S5)                                  0.00    1283.30 f
  dsr2/b[4] (net)                                                   0.00    1283.30 f
  dsr2/U42/ZN (INVX4)                                     0.65     77.15    1360.45 r
  dsr2/n57 (net)                               80                   0.00    1360.45 r
  dsr2/U264/Q (MUX21X1)                                   0.21   2435.63    3796.07 f
  dsr2/c[36] (net)                              3                   0.00    3796.07 f
  dsr2/c[36] (DSR_right_N_S_N99_S5)                                 0.00    3796.07 f
  tmp1_o[36] (net)                                                  0.00    3796.07 f
  U378/QN (NOR4X0)                                        0.36      1.35    3797.42 r
  n96 (net)                                     1                   0.00    3797.42 r
  U375/QN (NAND4X0)                                       0.22      0.25    3797.67 f
  n86 (net)                                     1                   0.00    3797.67 f
  U367/Q (OA21X1)                                         0.13      0.36    3798.03 f
  rnd_ulp[0] (net)                              2                   0.00    3798.03 f
  uut_add_ulp/b[0] (add_N_N32_0)                                    0.00    3798.03 f
  uut_add_ulp/b[0] (net)                                            0.00    3798.03 f
  uut_add_ulp/a1/b[0] (add_N_in_N32_0)                              0.00    3798.03 f
  uut_add_ulp/a1/b[0] (net)                                         0.00    3798.03 f
  uut_add_ulp/a1/add_230/B[0] (add_N_in_N32_0_DW01_add_0)           0.00    3798.03 f
  uut_add_ulp/a1/add_230/B[0] (net)                                 0.00    3798.03 f
  uut_add_ulp/a1/add_230/U1/Q (AND2X1)                    0.12      0.45    3798.49 f
  uut_add_ulp/a1/add_230/n1 (net)               1                   0.00    3798.49 f
  uut_add_ulp/a1/add_230/U1_1/CO (FADDX1)                 0.16      0.52    3799.01 f    mo 
  uut_add_ulp/a1/add_230/carry[2] (net)         1                   0.00    3799.01 f
  uut_add_ulp/a1/add_230/U1_2/CO (FADDX1)                 0.16      0.53    3799.54 f    mo 
  uut_add_ulp/a1/add_230/carry[3] (net)         1                   0.00    3799.54 f
  uut_add_ulp/a1/add_230/U1_3/CO (FADDX1)                 0.16      0.53    3800.07 f    mo 
  uut_add_ulp/a1/add_230/carry[4] (net)         1                   0.00    3800.07 f
  uut_add_ulp/a1/add_230/U1_4/CO (FADDX1)                 0.16      0.53    3800.60 f    mo 
  uut_add_ulp/a1/add_230/carry[5] (net)         1                   0.00    3800.60 f
  uut_add_ulp/a1/add_230/U1_5/CO (FADDX1)                 0.16      0.53    3801.13 f    mo 
  uut_add_ulp/a1/add_230/carry[6] (net)         1                   0.00    3801.13 f
  uut_add_ulp/a1/add_230/U1_6/CO (FADDX1)                 0.16      0.53    3801.67 f    mo 
  uut_add_ulp/a1/add_230/carry[7] (net)         1                   0.00    3801.67 f
  uut_add_ulp/a1/add_230/U1_7/CO (FADDX1)                 0.16      0.53    3802.20 f    mo 
  uut_add_ulp/a1/add_230/carry[8] (net)         1                   0.00    3802.20 f
  uut_add_ulp/a1/add_230/U1_8/CO (FADDX1)                 0.16      0.53    3802.73 f    mo 
  uut_add_ulp/a1/add_230/carry[9] (net)         1                   0.00    3802.73 f
  uut_add_ulp/a1/add_230/U1_9/CO (FADDX1)                 0.16      0.53    3803.26 f    mo 
  uut_add_ulp/a1/add_230/carry[10] (net)        1                   0.00    3803.26 f
  uut_add_ulp/a1/add_230/U1_10/CO (FADDX1)                0.16      0.53    3803.79 f    mo 
  uut_add_ulp/a1/add_230/carry[11] (net)        1                   0.00    3803.79 f
  uut_add_ulp/a1/add_230/U1_11/CO (FADDX1)                0.16      0.53    3804.32 f    mo 
  uut_add_ulp/a1/add_230/carry[12] (net)        1                   0.00    3804.32 f
  uut_add_ulp/a1/add_230/U1_12/CO (FADDX1)                0.16      0.53    3804.85 f    mo 
  uut_add_ulp/a1/add_230/carry[13] (net)        1                   0.00    3804.85 f
  uut_add_ulp/a1/add_230/U1_13/CO (FADDX1)                0.16      0.53    3805.39 f    mo 
  uut_add_ulp/a1/add_230/carry[14] (net)        1                   0.00    3805.39 f
  uut_add_ulp/a1/add_230/U1_14/CO (FADDX1)                0.16      0.53    3805.92 f    mo 
  uut_add_ulp/a1/add_230/carry[15] (net)        1                   0.00    3805.92 f
  uut_add_ulp/a1/add_230/U1_15/CO (FADDX1)                0.16      0.53    3806.45 f    mo 
  uut_add_ulp/a1/add_230/carry[16] (net)        1                   0.00    3806.45 f
  uut_add_ulp/a1/add_230/U1_16/CO (FADDX1)                0.16      0.53    3806.98 f    mo 
  uut_add_ulp/a1/add_230/carry[17] (net)        1                   0.00    3806.98 f
  uut_add_ulp/a1/add_230/U1_17/CO (FADDX1)                0.16      0.53    3807.51 f    mo 
  uut_add_ulp/a1/add_230/carry[18] (net)        1                   0.00    3807.51 f
  uut_add_ulp/a1/add_230/U1_18/CO (FADDX1)                0.16      0.53    3808.04 f    mo 
  uut_add_ulp/a1/add_230/carry[19] (net)        1                   0.00    3808.04 f
  uut_add_ulp/a1/add_230/U1_19/CO (FADDX1)                0.16      0.53    3808.58 f    mo 
  uut_add_ulp/a1/add_230/carry[20] (net)        1                   0.00    3808.58 f
  uut_add_ulp/a1/add_230/U1_20/CO (FADDX1)                0.16      0.53    3809.11 f    mo 
  uut_add_ulp/a1/add_230/carry[21] (net)        1                   0.00    3809.11 f
  uut_add_ulp/a1/add_230/U1_21/CO (FADDX1)                0.16      0.53    3809.64 f    mo 
  uut_add_ulp/a1/add_230/carry[22] (net)        1                   0.00    3809.64 f
  uut_add_ulp/a1/add_230/U1_22/CO (FADDX1)                0.16      0.53    3810.17 f    mo 
  uut_add_ulp/a1/add_230/carry[23] (net)        1                   0.00    3810.17 f
  uut_add_ulp/a1/add_230/U1_23/CO (FADDX1)                0.16      0.53    3810.70 f    mo 
  uut_add_ulp/a1/add_230/carry[24] (net)        1                   0.00    3810.70 f
  uut_add_ulp/a1/add_230/U1_24/CO (FADDX1)                0.16      0.53    3811.23 f    mo 
  uut_add_ulp/a1/add_230/carry[25] (net)        1                   0.00    3811.23 f
  uut_add_ulp/a1/add_230/U1_25/CO (FADDX1)                0.16      0.53    3811.76 f    mo 
  uut_add_ulp/a1/add_230/carry[26] (net)        1                   0.00    3811.76 f
  uut_add_ulp/a1/add_230/U1_26/CO (FADDX1)                0.16      0.53    3812.30 f    mo 
  uut_add_ulp/a1/add_230/carry[27] (net)        1                   0.00    3812.30 f
  uut_add_ulp/a1/add_230/U1_27/CO (FADDX1)                0.16      0.53    3812.83 f    mo 
  uut_add_ulp/a1/add_230/carry[28] (net)        1                   0.00    3812.83 f
  uut_add_ulp/a1/add_230/U1_28/CO (FADDX1)                0.16      0.53    3813.36 f    mo 
  uut_add_ulp/a1/add_230/carry[29] (net)        1                   0.00    3813.36 f
  uut_add_ulp/a1/add_230/U1_29/CO (FADDX1)                0.16      0.53    3813.89 f    mo 
  uut_add_ulp/a1/add_230/carry[30] (net)        1                   0.00    3813.89 f
  uut_add_ulp/a1/add_230/U1_30/S (FADDX1)                 0.14      0.55    3814.44 f    mo 
  uut_add_ulp/a1/add_230/SUM[30] (net)          1                   0.00    3814.44 f
  uut_add_ulp/a1/add_230/SUM[30] (add_N_in_N32_0_DW01_add_0)        0.00    3814.44 f
  uut_add_ulp/a1/c[30] (net)                                        0.00    3814.44 f
  uut_add_ulp/a1/c[30] (add_N_in_N32_0)                             0.00    3814.44 f
  uut_add_ulp/c[30] (net)                                           0.00    3814.44 f
  uut_add_ulp/c[30] (add_N_N32_0)                                   0.00    3814.44 f
  tmp1_o_rnd_ulp[30] (net)                                          0.00    3814.44 f
  U402/Q (MUX21X1)                                        0.14      0.31    3814.76 f
  tmp1_o_rnd[30] (net)                          2                   0.00    3814.76 f
  sub_159/B[30] (ppu_DW01_sub_0)                                    0.00    3814.76 f
  sub_159/B[30] (net)                                               0.00    3814.76 f
  sub_159/U61/ZN (INVX0)                                  0.18      0.28    3815.04 r
  sub_159/n31 (net)                             2                   0.00    3815.04 r
  sub_159/U31/QN (NAND2X1)                                0.13      0.43    3815.47 f
  sub_159/n30 (net)                             1                   0.00    3815.47 f
  sub_159/U62/Q (XOR2X1)                                  0.11      0.35    3815.82 f
  sub_159/DIFF[31] (net)                        1                   0.00    3815.82 f
  sub_159/DIFF[31] (ppu_DW01_sub_0)                                 0.00    3815.82 f
  N117 (net)                                                        0.00    3815.82 f
  U397/Q (AO22X1)                                         0.11      0.32    3816.14 f
  out[30] (net)                                 1                   0.00    3816.14 f
  out[30] (out)                                           0.11      0.00    3816.14 f
  data arrival time                                                         3816.14
  ---------------------------------------------------------------------------------------------------------
  (Path is unconstrained)


1
