00000 00000 00000 
00001 00001 00001 
00010 00010 00011 
00011 00011 00100 
00100 00100 00110 
00101 00101 00111 
00110 00110 01000 
00111 00111 01001 
01000 01000 01010 
01001 01001 01011 
01010 01010 01100 
01011 01011 01100 
01100 01100 01101 
01101 01101 01110 
01110 01110 01110 
01111 01111 01111 
10000 10000 10000 
10001 10001 10001 
10010 10010 10001 
10011 10011 10010 
10100 10100 10011 
10101 10101 10011 
10110 10110 10100 
10111 10111 10101
11000 11000 10110 
11001 11001 10111 
11010 11010 11000 
11011 11011 11001 
11100 11100 11010 
11101 11101 11100 
11110 11110 11101 
11111 11111 11110 